mode: atomic
github.com/libopenstorage/cloudops/backoff/exponential.go:34.16,36.2 1 0
github.com/libopenstorage/cloudops/backoff/exponential.go:53.50,55.2 1 0
github.com/libopenstorage/cloudops/backoff/exponential.go:57.97,62.38 2 0
github.com/libopenstorage/cloudops/backoff/exponential.go:67.2,68.35 2 0
github.com/libopenstorage/cloudops/backoff/exponential.go:71.2,71.30 1 0
github.com/libopenstorage/cloudops/backoff/exponential.go:62.38,66.3 3 0
github.com/libopenstorage/cloudops/backoff/exponential.go:68.35,70.3 1 0
github.com/libopenstorage/cloudops/backoff/exponential.go:75.118,80.38 2 0
github.com/libopenstorage/cloudops/backoff/exponential.go:85.2,86.35 2 0
github.com/libopenstorage/cloudops/backoff/exponential.go:89.2,89.35 1 0
github.com/libopenstorage/cloudops/backoff/exponential.go:80.38,84.3 3 0
github.com/libopenstorage/cloudops/backoff/exponential.go:86.35,88.3 1 0
github.com/libopenstorage/cloudops/backoff/exponential.go:92.83,97.38 2 0
github.com/libopenstorage/cloudops/backoff/exponential.go:102.2,103.35 2 0
github.com/libopenstorage/cloudops/backoff/exponential.go:106.2,106.33 1 0
github.com/libopenstorage/cloudops/backoff/exponential.go:97.38,101.3 3 0
github.com/libopenstorage/cloudops/backoff/exponential.go:103.35,105.3 1 0
github.com/libopenstorage/cloudops/backoff/exponential.go:111.31,115.38 2 0
github.com/libopenstorage/cloudops/backoff/exponential.go:119.2,120.35 2 0
github.com/libopenstorage/cloudops/backoff/exponential.go:123.2,123.16 1 0
github.com/libopenstorage/cloudops/backoff/exponential.go:115.38,118.3 2 0
github.com/libopenstorage/cloudops/backoff/exponential.go:120.35,122.3 1 0
github.com/libopenstorage/cloudops/backoff/exponential.go:127.93,131.38 2 0
github.com/libopenstorage/cloudops/backoff/exponential.go:135.2,136.35 2 0
github.com/libopenstorage/cloudops/backoff/exponential.go:139.2,139.16 1 0
github.com/libopenstorage/cloudops/backoff/exponential.go:131.38,134.3 2 0
github.com/libopenstorage/cloudops/backoff/exponential.go:136.35,138.3 1 0
github.com/libopenstorage/cloudops/backoff/exponential.go:145.31,149.38 2 0
github.com/libopenstorage/cloudops/backoff/exponential.go:153.2,154.35 2 0
github.com/libopenstorage/cloudops/backoff/exponential.go:157.2,157.16 1 0
github.com/libopenstorage/cloudops/backoff/exponential.go:149.38,152.3 2 0
github.com/libopenstorage/cloudops/backoff/exponential.go:154.35,156.3 1 0
github.com/libopenstorage/cloudops/backoff/exponential.go:161.90,166.38 2 0
github.com/libopenstorage/cloudops/backoff/exponential.go:170.2,171.35 2 0
github.com/libopenstorage/cloudops/backoff/exponential.go:174.2,174.23 1 0
github.com/libopenstorage/cloudops/backoff/exponential.go:166.38,169.3 2 0
github.com/libopenstorage/cloudops/backoff/exponential.go:171.35,173.3 1 0
github.com/libopenstorage/cloudops/backoff/exponential.go:177.90,182.38 2 0
github.com/libopenstorage/cloudops/backoff/exponential.go:186.2,187.35 2 0
github.com/libopenstorage/cloudops/backoff/exponential.go:190.2,190.23 1 0
github.com/libopenstorage/cloudops/backoff/exponential.go:182.38,185.3 2 0
github.com/libopenstorage/cloudops/backoff/exponential.go:187.35,189.3 1 0
github.com/libopenstorage/cloudops/backoff/exponential.go:194.106,198.38 2 0
github.com/libopenstorage/cloudops/backoff/exponential.go:203.2,204.35 2 0
github.com/libopenstorage/cloudops/backoff/exponential.go:207.2,207.16 1 0
github.com/libopenstorage/cloudops/backoff/exponential.go:198.38,202.3 3 0
github.com/libopenstorage/cloudops/backoff/exponential.go:204.35,206.3 1 0
github.com/libopenstorage/cloudops/backoff/exponential.go:212.133,217.38 2 0
github.com/libopenstorage/cloudops/backoff/exponential.go:222.2,223.35 2 0
github.com/libopenstorage/cloudops/backoff/exponential.go:226.2,226.23 1 0
github.com/libopenstorage/cloudops/backoff/exponential.go:217.38,221.3 3 0
github.com/libopenstorage/cloudops/backoff/exponential.go:223.35,225.3 1 0
github.com/libopenstorage/cloudops/backoff/exponential.go:231.80,233.2 1 0
github.com/libopenstorage/cloudops/backoff/exponential.go:237.97,242.38 2 0
github.com/libopenstorage/cloudops/backoff/exponential.go:247.2,248.35 2 0
github.com/libopenstorage/cloudops/backoff/exponential.go:251.2,251.25 1 0
github.com/libopenstorage/cloudops/backoff/exponential.go:242.38,246.3 3 0
github.com/libopenstorage/cloudops/backoff/exponential.go:248.35,250.3 1 0
github.com/libopenstorage/cloudops/backoff/exponential.go:255.87,259.38 2 0
github.com/libopenstorage/cloudops/backoff/exponential.go:264.2,265.35 2 0
github.com/libopenstorage/cloudops/backoff/exponential.go:268.2,268.16 1 0
github.com/libopenstorage/cloudops/backoff/exponential.go:259.38,263.3 3 0
github.com/libopenstorage/cloudops/backoff/exponential.go:265.35,267.3 1 0
github.com/libopenstorage/cloudops/backoff/exponential.go:272.76,276.38 2 0
github.com/libopenstorage/cloudops/backoff/exponential.go:281.2,282.35 2 0
github.com/libopenstorage/cloudops/backoff/exponential.go:285.2,285.16 1 0
github.com/libopenstorage/cloudops/backoff/exponential.go:276.38,280.3 3 0
github.com/libopenstorage/cloudops/backoff/exponential.go:282.35,284.3 1 0
github.com/libopenstorage/cloudops/backoff/exponential.go:289.87,293.38 2 0
github.com/libopenstorage/cloudops/backoff/exponential.go:298.2,299.35 2 0
github.com/libopenstorage/cloudops/backoff/exponential.go:302.2,302.16 1 0
github.com/libopenstorage/cloudops/backoff/exponential.go:293.38,297.3 3 0
github.com/libopenstorage/cloudops/backoff/exponential.go:299.35,301.3 1 0
github.com/libopenstorage/cloudops/backoff/exponential.go:306.76,310.38 2 0
github.com/libopenstorage/cloudops/backoff/exponential.go:315.2,316.35 2 0
github.com/libopenstorage/cloudops/backoff/exponential.go:319.2,319.16 1 0
github.com/libopenstorage/cloudops/backoff/exponential.go:310.38,314.3 3 0
github.com/libopenstorage/cloudops/backoff/exponential.go:316.35,318.3 1 0
github.com/libopenstorage/cloudops/backoff/exponential.go:323.62,328.38 2 0
github.com/libopenstorage/cloudops/backoff/exponential.go:333.2,334.35 2 0
github.com/libopenstorage/cloudops/backoff/exponential.go:337.2,337.26 1 0
github.com/libopenstorage/cloudops/backoff/exponential.go:328.38,332.3 3 0
github.com/libopenstorage/cloudops/backoff/exponential.go:334.35,336.3 1 0
github.com/libopenstorage/cloudops/backoff/exponential.go:343.118,345.2 1 0
github.com/libopenstorage/cloudops/backoff/exponential.go:348.109,353.38 2 0
github.com/libopenstorage/cloudops/backoff/exponential.go:358.2,359.35 2 0
github.com/libopenstorage/cloudops/backoff/exponential.go:362.2,362.25 1 0
github.com/libopenstorage/cloudops/backoff/exponential.go:353.38,357.3 3 0
github.com/libopenstorage/cloudops/backoff/exponential.go:359.35,361.3 1 0
github.com/libopenstorage/cloudops/backoff/exponential.go:366.74,371.38 2 0
github.com/libopenstorage/cloudops/backoff/exponential.go:376.2,377.35 2 0
github.com/libopenstorage/cloudops/backoff/exponential.go:380.2,380.26 1 0
github.com/libopenstorage/cloudops/backoff/exponential.go:371.38,375.3 3 0
github.com/libopenstorage/cloudops/backoff/exponential.go:377.35,379.3 1 0
github.com/libopenstorage/cloudops/backoff/exponential.go:390.37,395.38 2 0
github.com/libopenstorage/cloudops/backoff/exponential.go:402.2,403.35 2 0
github.com/libopenstorage/cloudops/backoff/exponential.go:406.2,406.35 1 0
github.com/libopenstorage/cloudops/backoff/exponential.go:395.38,401.3 4 0
github.com/libopenstorage/cloudops/backoff/exponential.go:403.35,405.3 1 0
github.com/libopenstorage/cloudops/backoff/exponential.go:409.63,411.37 2 1
github.com/libopenstorage/cloudops/backoff/exponential.go:418.2,418.21 1 1
github.com/libopenstorage/cloudops/backoff/exponential.go:411.37,412.22 1 2
github.com/libopenstorage/cloudops/backoff/exponential.go:416.3,416.49 1 2
github.com/libopenstorage/cloudops/backoff/exponential.go:412.22,414.12 2 0
github.com/libopenstorage/cloudops/backoff/exponential.go:422.74,427.38 2 0
github.com/libopenstorage/cloudops/backoff/exponential.go:432.2,433.35 2 0
github.com/libopenstorage/cloudops/backoff/exponential.go:436.2,436.28 1 0
github.com/libopenstorage/cloudops/backoff/exponential.go:427.38,431.3 3 0
github.com/libopenstorage/cloudops/backoff/exponential.go:433.35,435.3 1 0
github.com/libopenstorage/cloudops/backoff/exponential.go:439.89,441.2 1 0
github.com/libopenstorage/cloudops/backoff/exponential.go:443.116,448.38 2 0
github.com/libopenstorage/cloudops/backoff/exponential.go:453.2,454.35 2 0
github.com/libopenstorage/cloudops/backoff/exponential.go:457.2,457.28 1 0
github.com/libopenstorage/cloudops/backoff/exponential.go:448.38,452.3 3 0
github.com/libopenstorage/cloudops/backoff/exponential.go:454.35,456.3 1 0
github.com/libopenstorage/cloudops/backoff/exponential.go:461.119,466.38 2 0
github.com/libopenstorage/cloudops/backoff/exponential.go:471.2,472.35 2 0
github.com/libopenstorage/cloudops/backoff/exponential.go:475.2,475.26 1 0
github.com/libopenstorage/cloudops/backoff/exponential.go:466.38,470.3 3 0
github.com/libopenstorage/cloudops/backoff/exponential.go:472.35,474.3 1 0
github.com/libopenstorage/cloudops/backoff/exponential.go:479.93,483.38 2 0
github.com/libopenstorage/cloudops/backoff/exponential.go:488.2,489.35 2 0
github.com/libopenstorage/cloudops/backoff/exponential.go:492.2,492.16 1 0
github.com/libopenstorage/cloudops/backoff/exponential.go:483.38,487.3 3 0
github.com/libopenstorage/cloudops/backoff/exponential.go:489.35,491.3 1 0
github.com/libopenstorage/cloudops/backoff/exponential.go:496.116,500.38 2 0
github.com/libopenstorage/cloudops/backoff/exponential.go:505.2,506.35 2 0
github.com/libopenstorage/cloudops/backoff/exponential.go:509.2,509.16 1 0
github.com/libopenstorage/cloudops/backoff/exponential.go:500.38,504.3 3 0
github.com/libopenstorage/cloudops/backoff/exponential.go:506.35,508.3 1 0
github.com/libopenstorage/cloudops/backoff/exponential.go:513.117,517.38 2 0
github.com/libopenstorage/cloudops/backoff/exponential.go:522.2,523.35 2 0
github.com/libopenstorage/cloudops/backoff/exponential.go:526.2,526.16 1 0
github.com/libopenstorage/cloudops/backoff/exponential.go:517.38,521.3 3 0
github.com/libopenstorage/cloudops/backoff/exponential.go:523.35,525.3 1 0
github.com/libopenstorage/cloudops/backoff/exponential.go:530.79,535.38 2 0
github.com/libopenstorage/cloudops/backoff/exponential.go:540.2,541.35 2 0
github.com/libopenstorage/cloudops/backoff/exponential.go:544.2,544.24 1 0
github.com/libopenstorage/cloudops/backoff/exponential.go:535.38,539.3 3 0
github.com/libopenstorage/cloudops/backoff/exponential.go:541.35,543.3 1 0
github.com/libopenstorage/cloudops/backoff/exponential.go:547.44,549.2 1 0
github.com/libopenstorage/cloudops/backoff/exponential.go:551.83,552.20 1 0
github.com/libopenstorage/cloudops/backoff/exponential.go:562.2,562.18 1 0
github.com/libopenstorage/cloudops/backoff/exponential.go:552.20,553.36 1 0
github.com/libopenstorage/cloudops/backoff/exponential.go:560.3,560.23 1 0
github.com/libopenstorage/cloudops/backoff/exponential.go:553.36,559.4 2 0
github.com/libopenstorage/cloudops/azure/storagemanager/azure.go:19.36,23.2 1 1
github.com/libopenstorage/cloudops/azure/storagemanager/azure.go:27.50,29.54 2 10
github.com/libopenstorage/cloudops/azure/storagemanager/azure.go:54.2,54.22 1 9
github.com/libopenstorage/cloudops/azure/storagemanager/azure.go:29.54,39.17 2 11
github.com/libopenstorage/cloudops/azure/storagemanager/azure.go:42.3,51.4 1 10
github.com/libopenstorage/cloudops/azure/storagemanager/azure.go:39.17,41.4 1 1
github.com/libopenstorage/cloudops/azure/storagemanager/azure.go:58.91,60.16 2 16
github.com/libopenstorage/cloudops/azure/storagemanager/azure.go:63.2,63.51 1 13
github.com/libopenstorage/cloudops/azure/storagemanager/azure.go:66.2,67.18 2 13
github.com/libopenstorage/cloudops/azure/storagemanager/azure.go:60.16,62.3 1 3
github.com/libopenstorage/cloudops/azure/storagemanager/azure.go:63.51,65.3 1 0
github.com/libopenstorage/cloudops/azure/storagemanager/azure.go:70.74,72.2 1 23
github.com/libopenstorage/cloudops/azure/storagemanager/azure.go:74.13,76.2 1 1
github.com/libopenstorage/cloudops/aws/storagemanager/aws.go:31.36,35.2 1 1
github.com/libopenstorage/cloudops/aws/storagemanager/aws.go:39.50,41.54 2 12
github.com/libopenstorage/cloudops/aws/storagemanager/aws.go:66.2,66.22 1 11
github.com/libopenstorage/cloudops/aws/storagemanager/aws.go:41.54,51.17 2 13
github.com/libopenstorage/cloudops/aws/storagemanager/aws.go:54.3,63.4 1 12
github.com/libopenstorage/cloudops/aws/storagemanager/aws.go:51.17,53.4 1 1
github.com/libopenstorage/cloudops/aws/storagemanager/aws.go:70.91,72.16 2 12
github.com/libopenstorage/cloudops/aws/storagemanager/aws.go:75.2,75.51 1 11
github.com/libopenstorage/cloudops/aws/storagemanager/aws.go:78.2,79.18 2 11
github.com/libopenstorage/cloudops/aws/storagemanager/aws.go:72.16,74.3 1 1
github.com/libopenstorage/cloudops/aws/storagemanager/aws.go:75.51,77.3 1 0
github.com/libopenstorage/cloudops/aws/storagemanager/aws.go:82.133,83.43 1 23
github.com/libopenstorage/cloudops/aws/storagemanager/aws.go:89.2,89.20 1 2
github.com/libopenstorage/cloudops/aws/storagemanager/aws.go:83.43,85.3 1 19
github.com/libopenstorage/cloudops/aws/storagemanager/aws.go:85.8,85.50 1 4
github.com/libopenstorage/cloudops/aws/storagemanager/aws.go:85.50,88.3 1 2
github.com/libopenstorage/cloudops/aws/storagemanager/aws.go:92.13,94.2 1 1
github.com/libopenstorage/cloudops/azure/base_vmsclient.go:20.13,29.2 5 0
github.com/libopenstorage/cloudops/azure/base_vmsclient.go:31.58,33.2 1 0
github.com/libopenstorage/cloudops/azure/base_vmsclient.go:37.24,39.2 1 0
github.com/libopenstorage/cloudops/azure/base_vmsclient.go:43.31,45.16 2 0
github.com/libopenstorage/cloudops/azure/base_vmsclient.go:49.2,49.68 1 0
github.com/libopenstorage/cloudops/azure/base_vmsclient.go:53.2,53.42 1 0
github.com/libopenstorage/cloudops/azure/base_vmsclient.go:45.16,47.3 1 0
github.com/libopenstorage/cloudops/azure/base_vmsclient.go:49.68,51.3 1 0
github.com/libopenstorage/cloudops/azure/base_vmsclient.go:59.9,75.16 4 0
github.com/libopenstorage/cloudops/azure/base_vmsclient.go:79.2,80.16 2 0
github.com/libopenstorage/cloudops/azure/base_vmsclient.go:83.2,83.12 1 0
github.com/libopenstorage/cloudops/azure/base_vmsclient.go:75.16,77.3 1 0
github.com/libopenstorage/cloudops/azure/base_vmsclient.go:80.16,82.3 1 0
github.com/libopenstorage/cloudops/azure/base_vmsclient.go:88.35,95.2 1 0
github.com/libopenstorage/cloudops/azure/scaleset_vmsclient.go:20.13,30.2 5 0
github.com/libopenstorage/cloudops/azure/scaleset_vmsclient.go:32.60,34.2 1 0
github.com/libopenstorage/cloudops/azure/scaleset_vmsclient.go:38.24,40.2 1 0
github.com/libopenstorage/cloudops/azure/scaleset_vmsclient.go:44.31,46.16 2 0
github.com/libopenstorage/cloudops/azure/scaleset_vmsclient.go:50.2,50.35 1 0
github.com/libopenstorage/cloudops/azure/scaleset_vmsclient.go:46.16,48.3 1 0
github.com/libopenstorage/cloudops/azure/scaleset_vmsclient.go:56.9,58.16 2 0
github.com/libopenstorage/cloudops/azure/scaleset_vmsclient.go:62.2,76.16 4 0
github.com/libopenstorage/cloudops/azure/scaleset_vmsclient.go:80.2,81.16 2 0
github.com/libopenstorage/cloudops/azure/scaleset_vmsclient.go:84.2,84.12 1 0
github.com/libopenstorage/cloudops/azure/scaleset_vmsclient.go:58.16,60.3 1 0
github.com/libopenstorage/cloudops/azure/scaleset_vmsclient.go:76.16,78.3 1 0
github.com/libopenstorage/cloudops/azure/scaleset_vmsclient.go:81.16,83.3 1 0
github.com/libopenstorage/cloudops/azure/scaleset_vmsclient.go:89.45,97.2 1 0
github.com/libopenstorage/cloudops/azure/scaleset_vmsclient.go:99.80,103.74 1 6
github.com/libopenstorage/cloudops/azure/scaleset_vmsclient.go:107.2,107.37 1 2
github.com/libopenstorage/cloudops/azure/scaleset_vmsclient.go:103.74,105.3 1 4
github.com/libopenstorage/cloudops/azure/vmsclient.go:24.13,25.31 1 0
github.com/libopenstorage/cloudops/azure/vmsclient.go:28.2,28.58 1 0
github.com/libopenstorage/cloudops/azure/vmsclient.go:25.31,27.3 1 0
github.com/libopenstorage/cloudops/azure/azure.go:90.52,91.71 1 0
github.com/libopenstorage/cloudops/azure/azure.go:126.2,127.23 2 0
github.com/libopenstorage/cloudops/azure/azure.go:91.71,95.69 3 0
github.com/libopenstorage/cloudops/azure/azure.go:103.3,103.71 1 0
github.com/libopenstorage/cloudops/azure/azure.go:107.3,107.55 1 0
github.com/libopenstorage/cloudops/azure/azure.go:111.3,111.75 1 0
github.com/libopenstorage/cloudops/azure/azure.go:115.3,115.65 1 0
github.com/libopenstorage/cloudops/azure/azure.go:119.3,119.74 1 0
github.com/libopenstorage/cloudops/azure/azure.go:123.3,123.27 1 0
github.com/libopenstorage/cloudops/azure/azure.go:95.69,97.42 2 0
github.com/libopenstorage/cloudops/azure/azure.go:97.42,100.5 2 0
github.com/libopenstorage/cloudops/azure/azure.go:103.71,105.4 1 0
github.com/libopenstorage/cloudops/azure/azure.go:107.55,109.4 1 0
github.com/libopenstorage/cloudops/azure/azure.go:111.75,113.4 1 0
github.com/libopenstorage/cloudops/azure/azure.go:115.65,117.4 1 0
github.com/libopenstorage/cloudops/azure/azure.go:119.74,121.4 1 0
github.com/libopenstorage/cloudops/azure/azure.go:132.54,136.16 4 0
github.com/libopenstorage/cloudops/azure/azure.go:139.2,146.16 7 0
github.com/libopenstorage/cloudops/azure/azure.go:150.2,150.28 1 0
github.com/libopenstorage/cloudops/azure/azure.go:155.2,155.22 1 0
github.com/libopenstorage/cloudops/azure/azure.go:174.2,174.28 1 0
github.com/libopenstorage/cloudops/azure/azure.go:136.16,138.3 1 0
github.com/libopenstorage/cloudops/azure/azure.go:146.16,149.3 1 0
github.com/libopenstorage/cloudops/azure/azure.go:150.28,153.3 1 0
github.com/libopenstorage/cloudops/azure/azure.go:155.22,158.17 3 0
github.com/libopenstorage/cloudops/azure/azure.go:162.3,162.25 1 0
github.com/libopenstorage/cloudops/azure/azure.go:167.3,168.17 2 0
github.com/libopenstorage/cloudops/azure/azure.go:158.17,161.4 1 0
github.com/libopenstorage/cloudops/azure/azure.go:162.25,165.4 1 0
github.com/libopenstorage/cloudops/azure/azure.go:168.17,171.4 1 0
github.com/libopenstorage/cloudops/azure/azure.go:178.43,180.16 2 1
github.com/libopenstorage/cloudops/azure/azure.go:183.2,184.16 2 0
github.com/libopenstorage/cloudops/azure/azure.go:187.2,188.16 2 0
github.com/libopenstorage/cloudops/azure/azure.go:192.2,204.26 2 0
github.com/libopenstorage/cloudops/azure/azure.go:180.16,182.3 1 1
github.com/libopenstorage/cloudops/azure/azure.go:184.16,186.3 1 0
github.com/libopenstorage/cloudops/azure/azure.go:188.16,190.3 1 0
github.com/libopenstorage/cloudops/azure/azure.go:208.53,210.16 2 0
github.com/libopenstorage/cloudops/azure/azure.go:214.2,215.16 2 0
github.com/libopenstorage/cloudops/azure/azure.go:219.2,219.32 1 0
github.com/libopenstorage/cloudops/azure/azure.go:223.2,254.8 14 0
github.com/libopenstorage/cloudops/azure/azure.go:210.16,212.3 1 0
github.com/libopenstorage/cloudops/azure/azure.go:215.16,217.3 1 0
github.com/libopenstorage/cloudops/azure/azure.go:219.32,221.3 1 0
github.com/libopenstorage/cloudops/azure/azure.go:257.34,259.2 1 0
github.com/libopenstorage/cloudops/azure/azure.go:261.40,263.2 1 0
github.com/libopenstorage/cloudops/azure/azure.go:265.87,276.2 2 0
github.com/libopenstorage/cloudops/azure/azure.go:278.108,282.16 3 0
github.com/libopenstorage/cloudops/azure/azure.go:287.2,288.40 2 0
github.com/libopenstorage/cloudops/azure/azure.go:296.2,297.31 2 0
github.com/libopenstorage/cloudops/azure/azure.go:300.2,300.31 1 0
github.com/libopenstorage/cloudops/azure/azure.go:304.2,313.20 2 0
github.com/libopenstorage/cloudops/azure/azure.go:282.16,285.3 1 0
github.com/libopenstorage/cloudops/azure/azure.go:288.40,292.3 1 0
github.com/libopenstorage/cloudops/azure/azure.go:292.8,294.3 1 0
github.com/libopenstorage/cloudops/azure/azure.go:297.31,299.3 1 0
github.com/libopenstorage/cloudops/azure/azure.go:300.31,302.3 1 0
github.com/libopenstorage/cloudops/azure/azure.go:317.80,321.16 3 0
github.com/libopenstorage/cloudops/azure/azure.go:324.2,324.28 1 0
github.com/libopenstorage/cloudops/azure/azure.go:328.2,328.37 1 0
github.com/libopenstorage/cloudops/azure/azure.go:321.16,323.3 1 0
github.com/libopenstorage/cloudops/azure/azure.go:324.28,327.3 1 0
github.com/libopenstorage/cloudops/azure/azure.go:335.31,339.31 3 0
github.com/libopenstorage/cloudops/azure/azure.go:347.2,360.16 5 0
github.com/libopenstorage/cloudops/azure/azure.go:364.2,365.12 2 0
github.com/libopenstorage/cloudops/azure/azure.go:339.31,345.3 2 0
github.com/libopenstorage/cloudops/azure/azure.go:360.16,363.3 1 0
github.com/libopenstorage/cloudops/azure/azure.go:372.24,374.74 2 0
github.com/libopenstorage/cloudops/azure/azure.go:383.2,388.16 2 0
github.com/libopenstorage/cloudops/azure/azure.go:391.2,392.9 2 0
github.com/libopenstorage/cloudops/azure/azure.go:395.2,396.24 2 0
github.com/libopenstorage/cloudops/azure/azure.go:400.2,423.16 3 0
github.com/libopenstorage/cloudops/azure/azure.go:427.2,428.16 2 0
github.com/libopenstorage/cloudops/azure/azure.go:432.2,433.17 2 0
github.com/libopenstorage/cloudops/azure/azure.go:374.74,380.3 1 0
github.com/libopenstorage/cloudops/azure/azure.go:388.16,390.3 1 0
github.com/libopenstorage/cloudops/azure/azure.go:392.9,394.3 1 0
github.com/libopenstorage/cloudops/azure/azure.go:396.24,398.3 1 0
github.com/libopenstorage/cloudops/azure/azure.go:423.16,425.3 1 0
github.com/libopenstorage/cloudops/azure/azure.go:428.16,430.3 1 0
github.com/libopenstorage/cloudops/azure/azure.go:436.66,437.39 1 0
github.com/libopenstorage/cloudops/azure/azure.go:442.2,446.3 1 0
github.com/libopenstorage/cloudops/azure/azure.go:437.39,439.3 1 0
github.com/libopenstorage/cloudops/azure/azure.go:439.8,439.50 1 0
github.com/libopenstorage/cloudops/azure/azure.go:439.50,441.3 1 0
github.com/libopenstorage/cloudops/azure/azure.go:449.87,451.16 2 0
github.com/libopenstorage/cloudops/azure/azure.go:459.2,460.16 2 0
github.com/libopenstorage/cloudops/azure/azure.go:464.2,465.17 2 0
github.com/libopenstorage/cloudops/azure/azure.go:470.2,482.78 2 0
github.com/libopenstorage/cloudops/azure/azure.go:486.2,486.34 1 0
github.com/libopenstorage/cloudops/azure/azure.go:451.16,454.3 1 0
github.com/libopenstorage/cloudops/azure/azure.go:454.8,455.38 1 0
github.com/libopenstorage/cloudops/azure/azure.go:455.38,457.3 1 0
github.com/libopenstorage/cloudops/azure/azure.go:460.16,462.3 1 0
github.com/libopenstorage/cloudops/azure/azure.go:465.17,468.3 1 0
github.com/libopenstorage/cloudops/azure/azure.go:482.78,484.3 1 0
github.com/libopenstorage/cloudops/azure/azure.go:489.55,490.48 1 0
github.com/libopenstorage/cloudops/azure/azure.go:505.2,505.12 1 0
github.com/libopenstorage/cloudops/azure/azure.go:490.48,493.64 1 0
github.com/libopenstorage/cloudops/azure/azure.go:493.64,497.25 2 0
github.com/libopenstorage/cloudops/azure/azure.go:497.25,499.25 2 0
github.com/libopenstorage/cloudops/azure/azure.go:499.25,501.6 1 0
github.com/libopenstorage/cloudops/azure/azure.go:508.77,510.2 1 0
github.com/libopenstorage/cloudops/azure/azure.go:512.64,514.2 1 0
github.com/libopenstorage/cloudops/azure/azure.go:516.68,522.50 2 0
github.com/libopenstorage/cloudops/azure/azure.go:538.2,539.20 2 0
github.com/libopenstorage/cloudops/azure/azure.go:543.2,544.16 2 0
github.com/libopenstorage/cloudops/azure/azure.go:548.2,549.30 2 0
github.com/libopenstorage/cloudops/azure/azure.go:556.2,556.76 1 0
github.com/libopenstorage/cloudops/azure/azure.go:560.2,560.44 1 0
github.com/libopenstorage/cloudops/azure/azure.go:522.50,523.45 1 0
github.com/libopenstorage/cloudops/azure/azure.go:523.45,525.4 1 0
github.com/libopenstorage/cloudops/azure/azure.go:525.9,525.25 1 0
github.com/libopenstorage/cloudops/azure/azure.go:525.25,527.4 1 0
github.com/libopenstorage/cloudops/azure/azure.go:528.8,528.23 1 0
github.com/libopenstorage/cloudops/azure/azure.go:528.23,530.3 1 0
github.com/libopenstorage/cloudops/azure/azure.go:539.20,541.3 1 0
github.com/libopenstorage/cloudops/azure/azure.go:544.16,546.3 1 0
github.com/libopenstorage/cloudops/azure/azure.go:549.30,550.57 1 0
github.com/libopenstorage/cloudops/azure/azure.go:553.3,553.41 1 0
github.com/libopenstorage/cloudops/azure/azure.go:550.57,551.12 1 0
github.com/libopenstorage/cloudops/azure/azure.go:556.76,558.3 1 0
github.com/libopenstorage/cloudops/azure/azure.go:563.77,566.16 3 0
github.com/libopenstorage/cloudops/azure/azure.go:570.2,571.16 2 0
github.com/libopenstorage/cloudops/azure/azure.go:575.2,576.12 2 0
github.com/libopenstorage/cloudops/azure/azure.go:566.16,568.3 1 0
github.com/libopenstorage/cloudops/azure/azure.go:571.16,573.3 1 0
github.com/libopenstorage/cloudops/azure/azure.go:579.57,581.2 1 0
github.com/libopenstorage/cloudops/azure/azure.go:583.79,587.2 1 0
github.com/libopenstorage/cloudops/azure/azure.go:593.19,599.16 2 0
github.com/libopenstorage/cloudops/azure/azure.go:603.2,603.73 1 0
github.com/libopenstorage/cloudops/azure/azure.go:607.2,607.60 1 0
github.com/libopenstorage/cloudops/azure/azure.go:612.2,624.16 6 0
github.com/libopenstorage/cloudops/azure/azure.go:627.2,628.16 2 0
github.com/libopenstorage/cloudops/azure/azure.go:632.2,633.16 2 0
github.com/libopenstorage/cloudops/azure/azure.go:636.2,636.69 1 0
github.com/libopenstorage/cloudops/azure/azure.go:639.2,639.51 1 0
github.com/libopenstorage/cloudops/azure/azure.go:599.16,601.3 1 0
github.com/libopenstorage/cloudops/azure/azure.go:603.73,605.3 1 0
github.com/libopenstorage/cloudops/azure/azure.go:607.60,611.3 1 0
github.com/libopenstorage/cloudops/azure/azure.go:624.16,626.3 1 0
github.com/libopenstorage/cloudops/azure/azure.go:628.16,630.3 1 0
github.com/libopenstorage/cloudops/azure/azure.go:633.16,635.3 1 0
github.com/libopenstorage/cloudops/azure/azure.go:636.69,638.3 1 0
github.com/libopenstorage/cloudops/azure/azure.go:642.52,644.2 1 0
github.com/libopenstorage/cloudops/azure/azure.go:649.21,653.2 1 0
github.com/libopenstorage/cloudops/azure/azure.go:655.99,658.37 2 0
github.com/libopenstorage/cloudops/azure/azure.go:683.2,683.19 1 0
github.com/libopenstorage/cloudops/azure/azure.go:658.37,659.22 1 0
github.com/libopenstorage/cloudops/azure/azure.go:662.3,667.51 2 0
github.com/libopenstorage/cloudops/azure/azure.go:677.3,677.17 1 0
github.com/libopenstorage/cloudops/azure/azure.go:680.3,680.31 1 0
github.com/libopenstorage/cloudops/azure/azure.go:659.22,660.12 1 0
github.com/libopenstorage/cloudops/azure/azure.go:667.51,669.25 2 0
github.com/libopenstorage/cloudops/azure/azure.go:669.25,675.5 1 0
github.com/libopenstorage/cloudops/azure/azure.go:677.17,679.4 1 0
github.com/libopenstorage/cloudops/azure/azure.go:686.64,704.16 2 0
github.com/libopenstorage/cloudops/azure/azure.go:708.2,709.30 2 0
github.com/libopenstorage/cloudops/azure/azure.go:721.2,721.20 1 0
github.com/libopenstorage/cloudops/azure/azure.go:704.16,706.3 1 0
github.com/libopenstorage/cloudops/azure/azure.go:709.30,711.17 2 0
github.com/libopenstorage/cloudops/azure/azure.go:718.3,718.28 1 0
github.com/libopenstorage/cloudops/azure/azure.go:711.17,717.4 1 0
github.com/libopenstorage/cloudops/azure/azure.go:728.37,730.16 2 0
github.com/libopenstorage/cloudops/azure/azure.go:734.2,735.32 2 0
github.com/libopenstorage/cloudops/azure/azure.go:754.2,754.18 1 0
github.com/libopenstorage/cloudops/azure/azure.go:730.16,732.3 1 0
github.com/libopenstorage/cloudops/azure/azure.go:735.32,736.30 1 0
github.com/libopenstorage/cloudops/azure/azure.go:736.30,738.4 1 0
github.com/libopenstorage/cloudops/azure/azure.go:738.9,740.38 2 0
github.com/libopenstorage/cloudops/azure/azure.go:748.4,748.14 1 0
github.com/libopenstorage/cloudops/azure/azure.go:740.38,741.45 1 0
github.com/libopenstorage/cloudops/azure/azure.go:741.45,744.11 3 0
github.com/libopenstorage/cloudops/azure/azure.go:748.14,750.5 1 0
github.com/libopenstorage/cloudops/azure/azure.go:757.64,758.65 1 0
github.com/libopenstorage/cloudops/azure/azure.go:761.2,761.31 1 0
github.com/libopenstorage/cloudops/azure/azure.go:758.65,760.3 1 0
github.com/libopenstorage/cloudops/azure/azure.go:767.86,773.50 2 0
github.com/libopenstorage/cloudops/azure/azure.go:783.2,783.16 1 0
github.com/libopenstorage/cloudops/azure/azure.go:787.2,787.56 1 0
github.com/libopenstorage/cloudops/azure/azure.go:794.2,794.71 1 0
github.com/libopenstorage/cloudops/azure/azure.go:802.2,802.19 1 0
github.com/libopenstorage/cloudops/azure/azure.go:773.50,775.24 2 0
github.com/libopenstorage/cloudops/azure/azure.go:775.24,781.4 1 0
github.com/libopenstorage/cloudops/azure/azure.go:783.16,785.3 1 0
github.com/libopenstorage/cloudops/azure/azure.go:787.56,793.3 1 0
github.com/libopenstorage/cloudops/azure/azure.go:794.71,800.3 1 0
github.com/libopenstorage/cloudops/azure/azure.go:805.64,807.16 2 0
github.com/libopenstorage/cloudops/azure/azure.go:811.2,811.30 1 0
github.com/libopenstorage/cloudops/azure/azure.go:827.2,831.3 1 0
github.com/libopenstorage/cloudops/azure/azure.go:807.16,809.3 1 0
github.com/libopenstorage/cloudops/azure/azure.go:811.30,812.26 1 0
github.com/libopenstorage/cloudops/azure/azure.go:812.26,816.18 2 0
github.com/libopenstorage/cloudops/azure/azure.go:819.4,823.5 1 0
github.com/libopenstorage/cloudops/azure/azure.go:816.18,818.5 1 0
github.com/libopenstorage/cloudops/azure/azure.go:834.109,835.15 1 0
github.com/libopenstorage/cloudops/azure/azure.go:839.2,840.16 2 0
github.com/libopenstorage/cloudops/azure/azure.go:844.2,859.16 3 0
github.com/libopenstorage/cloudops/azure/azure.go:863.2,864.16 2 0
github.com/libopenstorage/cloudops/azure/azure.go:868.2,869.19 2 0
github.com/libopenstorage/cloudops/azure/azure.go:835.15,837.3 1 0
github.com/libopenstorage/cloudops/azure/azure.go:840.16,842.3 1 0
github.com/libopenstorage/cloudops/azure/azure.go:859.16,861.3 1 0
github.com/libopenstorage/cloudops/azure/azure.go:864.16,866.3 1 0
github.com/libopenstorage/cloudops/azure/azure.go:872.85,875.16 3 0
github.com/libopenstorage/cloudops/azure/azure.go:879.2,880.16 2 0
github.com/libopenstorage/cloudops/azure/azure.go:884.2,885.12 2 0
github.com/libopenstorage/cloudops/azure/azure.go:875.16,877.3 1 0
github.com/libopenstorage/cloudops/azure/azure.go:880.16,882.3 1 0
github.com/libopenstorage/cloudops/azure/azure.go:888.106,889.22 1 0
github.com/libopenstorage/cloudops/azure/azure.go:893.2,898.16 2 0
github.com/libopenstorage/cloudops/azure/azure.go:902.2,902.25 1 0
github.com/libopenstorage/cloudops/azure/azure.go:906.2,906.27 1 0
github.com/libopenstorage/cloudops/azure/azure.go:910.2,919.16 3 0
github.com/libopenstorage/cloudops/azure/azure.go:923.2,924.16 2 0
github.com/libopenstorage/cloudops/azure/azure.go:928.2,929.12 2 0
github.com/libopenstorage/cloudops/azure/azure.go:889.22,891.3 1 0
github.com/libopenstorage/cloudops/azure/azure.go:898.16,900.3 1 0
github.com/libopenstorage/cloudops/azure/azure.go:902.25,904.3 1 0
github.com/libopenstorage/cloudops/azure/azure.go:906.27,908.3 1 0
github.com/libopenstorage/cloudops/azure/azure.go:919.16,921.3 1 0
github.com/libopenstorage/cloudops/azure/azure.go:924.16,926.3 1 0
github.com/libopenstorage/cloudops/azure/azure.go:932.107,933.22 1 0
github.com/libopenstorage/cloudops/azure/azure.go:937.2,942.16 2 0
github.com/libopenstorage/cloudops/azure/azure.go:946.2,946.25 1 0
github.com/libopenstorage/cloudops/azure/azure.go:950.2,950.24 1 0
github.com/libopenstorage/cloudops/azure/azure.go:954.2,963.16 3 0
github.com/libopenstorage/cloudops/azure/azure.go:967.2,968.16 2 0
github.com/libopenstorage/cloudops/azure/azure.go:972.2,973.12 2 0
github.com/libopenstorage/cloudops/azure/azure.go:933.22,935.3 1 0
github.com/libopenstorage/cloudops/azure/azure.go:942.16,944.3 1 0
github.com/libopenstorage/cloudops/azure/azure.go:946.25,948.3 1 0
github.com/libopenstorage/cloudops/azure/azure.go:950.24,952.3 1 0
github.com/libopenstorage/cloudops/azure/azure.go:963.16,965.3 1 0
github.com/libopenstorage/cloudops/azure/azure.go:968.16,970.3 1 0
github.com/libopenstorage/cloudops/azure/azure.go:976.69,978.16 2 0
github.com/libopenstorage/cloudops/azure/azure.go:982.2,983.30 2 0
github.com/libopenstorage/cloudops/azure/azure.go:990.2,990.18 1 0
github.com/libopenstorage/cloudops/azure/azure.go:978.16,980.3 1 0
github.com/libopenstorage/cloudops/azure/azure.go:983.30,984.15 1 0
github.com/libopenstorage/cloudops/azure/azure.go:984.15,986.4 1 0
github.com/libopenstorage/cloudops/azure/azure.go:986.9,988.4 1 0
github.com/libopenstorage/cloudops/azure/azure.go:993.89,1000.16 3 0
github.com/libopenstorage/cloudops/azure/azure.go:1003.2,1003.38 1 0
github.com/libopenstorage/cloudops/azure/azure.go:1014.2,1014.22 1 0
github.com/libopenstorage/cloudops/azure/azure.go:1000.16,1002.3 1 0
github.com/libopenstorage/cloudops/azure/azure.go:1003.38,1004.17 1 0
github.com/libopenstorage/cloudops/azure/azure.go:1008.3,1009.33 2 0
github.com/libopenstorage/cloudops/azure/azure.go:1004.17,1006.4 1 0
github.com/libopenstorage/cloudops/azure/azure.go:1009.33,1011.4 1 0
github.com/libopenstorage/cloudops/azure/azure.go:1017.67,1019.37 1 0
github.com/libopenstorage/cloudops/azure/azure.go:1033.2,1033.16 1 0
github.com/libopenstorage/cloudops/azure/azure.go:1037.2,1037.33 1 0
github.com/libopenstorage/cloudops/azure/azure.go:1019.37,1022.52 2 0
github.com/libopenstorage/cloudops/azure/azure.go:1028.4,1028.33 1 0
github.com/libopenstorage/cloudops/azure/azure.go:1022.52,1024.5 1 0
github.com/libopenstorage/cloudops/azure/azure.go:1024.10,1024.25 1 0
github.com/libopenstorage/cloudops/azure/azure.go:1024.25,1026.5 1 0
github.com/libopenstorage/cloudops/azure/azure.go:1033.16,1035.3 1 0
github.com/libopenstorage/cloudops/azure/azure.go:1040.67,1042.37 1 0
github.com/libopenstorage/cloudops/azure/azure.go:1062.2,1062.12 1 0
github.com/libopenstorage/cloudops/azure/azure.go:1042.37,1044.18 2 0
github.com/libopenstorage/cloudops/azure/azure.go:1048.4,1048.32 1 0
github.com/libopenstorage/cloudops/azure/azure.go:1056.4,1056.26 1 0
github.com/libopenstorage/cloudops/azure/azure.go:1044.18,1046.5 1 0
github.com/libopenstorage/cloudops/azure/azure.go:1048.32,1049.28 1 0
github.com/libopenstorage/cloudops/azure/azure.go:1049.28,1053.6 1 0
github.com/libopenstorage/cloudops/azure/azure.go:1065.69,1066.36 1 0
github.com/libopenstorage/cloudops/azure/azure.go:1078.2,1078.13 1 0
github.com/libopenstorage/cloudops/azure/azure.go:1066.36,1067.47 1 0
github.com/libopenstorage/cloudops/azure/azure.go:1067.47,1069.39 1 0
github.com/libopenstorage/cloudops/azure/azure.go:1069.39,1071.5 1 0
github.com/libopenstorage/cloudops/azure/azure.go:1071.10,1071.51 1 0
github.com/libopenstorage/cloudops/azure/azure.go:1071.51,1073.5 1 0
github.com/libopenstorage/cloudops/azure/azure.go:1074.9,1076.4 1 0
github.com/libopenstorage/cloudops/azure/azure.go:1081.62,1083.27 2 0
github.com/libopenstorage/cloudops/azure/azure.go:1087.2,1087.13 1 0
github.com/libopenstorage/cloudops/azure/azure.go:1083.27,1086.3 2 0
github.com/libopenstorage/cloudops/azure/azure.go:1090.59,1092.30 2 0
github.com/libopenstorage/cloudops/azure/azure.go:1097.2,1098.33 2 0
github.com/libopenstorage/cloudops/azure/azure.go:1104.2,1104.25 1 0
github.com/libopenstorage/cloudops/azure/azure.go:1092.30,1093.19 1 0
github.com/libopenstorage/cloudops/azure/azure.go:1093.19,1095.4 1 0
github.com/libopenstorage/cloudops/azure/azure.go:1098.33,1099.32 1 0
github.com/libopenstorage/cloudops/azure/azure.go:1099.32,1101.9 2 0
github.com/libopenstorage/cloudops/azure/azure.go:1107.60,1114.6 2 0
github.com/libopenstorage/cloudops/azure/azure.go:1125.2,1125.16 1 0
github.com/libopenstorage/cloudops/azure/azure.go:1114.6,1115.53 1 0
github.com/libopenstorage/cloudops/azure/azure.go:1118.3,1120.44 3 0
github.com/libopenstorage/cloudops/azure/azure.go:1123.3,1123.38 1 0
github.com/libopenstorage/cloudops/azure/azure.go:1115.53,1117.4 1 0
github.com/libopenstorage/cloudops/azure/azure.go:1120.44,1121.9 1 0
github.com/libopenstorage/cloudops/azure/azure.go:1128.51,1132.16 3 0
github.com/libopenstorage/cloudops/azure/azure.go:1136.2,1136.35 1 0
github.com/libopenstorage/cloudops/azure/azure.go:1148.2,1148.21 1 0
github.com/libopenstorage/cloudops/azure/azure.go:1132.16,1134.3 1 0
github.com/libopenstorage/cloudops/azure/azure.go:1136.35,1138.17 2 0
github.com/libopenstorage/cloudops/azure/azure.go:1142.3,1142.46 1 0
github.com/libopenstorage/cloudops/azure/azure.go:1138.17,1140.4 1 0
github.com/libopenstorage/cloudops/azure/azure.go:1143.8,1146.3 1 0
github.com/libopenstorage/cloudops/azure/azure.go:1151.41,1164.16 3 0
github.com/libopenstorage/cloudops/azure/azure.go:1176.2,1176.14 1 0
github.com/libopenstorage/cloudops/azure/azure.go:1164.16,1165.52 1 0
github.com/libopenstorage/cloudops/azure/azure.go:1165.52,1167.30 2 0
github.com/libopenstorage/cloudops/azure/azure.go:1170.4,1171.79 2 0
github.com/libopenstorage/cloudops/azure/azure.go:1167.30,1169.5 1 0
github.com/libopenstorage/cloudops/azure/azure.go:1171.79,1173.5 1 0
github.com/libopenstorage/cloudops/azure/azure.go:1179.56,1180.57 1 0
github.com/libopenstorage/cloudops/azure/azure.go:1184.2,1184.24 1 0
github.com/libopenstorage/cloudops/azure/azure.go:1188.2,1189.16 2 0
github.com/libopenstorage/cloudops/azure/azure.go:1192.2,1192.46 1 0
github.com/libopenstorage/cloudops/azure/azure.go:1180.57,1182.3 1 0
github.com/libopenstorage/cloudops/azure/azure.go:1184.24,1186.3 1 0
github.com/libopenstorage/cloudops/azure/azure.go:1189.16,1191.3 1 0
github.com/libopenstorage/cloudops/gce/storagemanager/gce.go:50.104,54.2 1 1
github.com/libopenstorage/cloudops/gce/storagemanager/gce.go:56.145,58.54 2 6
github.com/libopenstorage/cloudops/gce/storagemanager/gce.go:99.2,99.22 1 6
github.com/libopenstorage/cloudops/gce/storagemanager/gce.go:58.54,63.34 2 6
github.com/libopenstorage/cloudops/gce/storagemanager/gce.go:74.3,81.17 2 6
github.com/libopenstorage/cloudops/gce/storagemanager/gce.go:84.3,84.29 1 6
github.com/libopenstorage/cloudops/gce/storagemanager/gce.go:87.3,96.4 1 6
github.com/libopenstorage/cloudops/gce/storagemanager/gce.go:63.34,68.4 3 0
github.com/libopenstorage/cloudops/gce/storagemanager/gce.go:68.9,70.4 1 6
github.com/libopenstorage/cloudops/gce/storagemanager/gce.go:81.17,83.4 1 0
github.com/libopenstorage/cloudops/gce/storagemanager/gce.go:84.29,86.4 1 6
github.com/libopenstorage/cloudops/gce/storagemanager/gce.go:102.145,107.36 2 18
github.com/libopenstorage/cloudops/gce/storagemanager/gce.go:113.2,114.16 2 18
github.com/libopenstorage/cloudops/gce/storagemanager/gce.go:117.2,117.51 1 15
github.com/libopenstorage/cloudops/gce/storagemanager/gce.go:120.2,121.28 2 15
github.com/libopenstorage/cloudops/gce/storagemanager/gce.go:125.2,125.18 1 15
github.com/libopenstorage/cloudops/gce/storagemanager/gce.go:107.36,111.3 3 17
github.com/libopenstorage/cloudops/gce/storagemanager/gce.go:114.16,116.3 1 3
github.com/libopenstorage/cloudops/gce/storagemanager/gce.go:117.51,119.3 1 0
github.com/libopenstorage/cloudops/gce/storagemanager/gce.go:121.28,123.3 1 14
github.com/libopenstorage/cloudops/gce/storagemanager/gce.go:128.113,131.51 3 21
github.com/libopenstorage/cloudops/gce/storagemanager/gce.go:141.2,141.15 1 21
github.com/libopenstorage/cloudops/gce/storagemanager/gce.go:145.2,145.20 1 21
github.com/libopenstorage/cloudops/gce/storagemanager/gce.go:148.2,148.16 1 4
github.com/libopenstorage/cloudops/gce/storagemanager/gce.go:131.51,134.3 2 17
github.com/libopenstorage/cloudops/gce/storagemanager/gce.go:134.8,134.53 1 4
github.com/libopenstorage/cloudops/gce/storagemanager/gce.go:134.53,137.3 2 1
github.com/libopenstorage/cloudops/gce/storagemanager/gce.go:137.8,137.58 1 3
github.com/libopenstorage/cloudops/gce/storagemanager/gce.go:137.58,140.3 2 3
github.com/libopenstorage/cloudops/gce/storagemanager/gce.go:141.15,144.3 2 0
github.com/libopenstorage/cloudops/gce/storagemanager/gce.go:145.20,147.3 1 17
github.com/libopenstorage/cloudops/gce/storagemanager/gce.go:151.13,153.2 1 1
github.com/libopenstorage/cloudops/gce/gce.go:73.23,77.2 3 2
github.com/libopenstorage/cloudops/gce/gce.go:80.40,85.22 4 0
github.com/libopenstorage/cloudops/gce/gce.go:93.2,93.16 1 0
github.com/libopenstorage/cloudops/gce/gce.go:97.2,98.16 2 0
github.com/libopenstorage/cloudops/gce/gce.go:102.2,103.16 2 0
github.com/libopenstorage/cloudops/gce/gce.go:107.2,116.8 1 0
github.com/libopenstorage/cloudops/gce/gce.go:85.22,87.3 1 0
github.com/libopenstorage/cloudops/gce/gce.go:87.8,87.34 1 0
github.com/libopenstorage/cloudops/gce/gce.go:87.34,89.3 1 0
github.com/libopenstorage/cloudops/gce/gce.go:89.8,91.3 1 0
github.com/libopenstorage/cloudops/gce/gce.go:93.16,95.3 1 0
github.com/libopenstorage/cloudops/gce/gce.go:98.16,100.3 1 0
github.com/libopenstorage/cloudops/gce/gce.go:103.16,105.3 1 0
github.com/libopenstorage/cloudops/gce/gce.go:119.32,119.63 1 0
github.com/libopenstorage/cloudops/gce/gce.go:121.38,121.60 1 0
github.com/libopenstorage/cloudops/gce/gce.go:123.85,125.16 2 0
github.com/libopenstorage/cloudops/gce/gce.go:129.2,139.22 2 0
github.com/libopenstorage/cloudops/gce/gce.go:125.16,127.3 1 0
github.com/libopenstorage/cloudops/gce/gce.go:143.53,144.16 1 0
github.com/libopenstorage/cloudops/gce/gce.go:165.2,165.38 1 0
github.com/libopenstorage/cloudops/gce/gce.go:145.22,146.14 1 0
github.com/libopenstorage/cloudops/gce/gce.go:147.17,148.40 1 0
github.com/libopenstorage/cloudops/gce/gce.go:149.17,150.38 1 0
github.com/libopenstorage/cloudops/gce/gce.go:151.20,152.14 1 0
github.com/libopenstorage/cloudops/gce/gce.go:153.18,154.14 1 0
github.com/libopenstorage/cloudops/gce/gce.go:155.19,156.43 1 0
github.com/libopenstorage/cloudops/gce/gce.go:157.20,158.14 1 0
github.com/libopenstorage/cloudops/gce/gce.go:159.19,160.14 1 0
github.com/libopenstorage/cloudops/gce/gce.go:161.17,162.39 1 0
github.com/libopenstorage/cloudops/gce/gce.go:168.106,170.16 2 0
github.com/libopenstorage/cloudops/gce/gce.go:174.2,175.17 2 0
github.com/libopenstorage/cloudops/gce/gce.go:179.2,186.34 2 0
github.com/libopenstorage/cloudops/gce/gce.go:227.2,230.24 1 0
github.com/libopenstorage/cloudops/gce/gce.go:237.2,237.47 1 0
github.com/libopenstorage/cloudops/gce/gce.go:299.2,299.70 1 0
github.com/libopenstorage/cloudops/gce/gce.go:170.16,172.3 1 0
github.com/libopenstorage/cloudops/gce/gce.go:175.17,177.3 1 0
github.com/libopenstorage/cloudops/gce/gce.go:186.34,187.18 1 0
github.com/libopenstorage/cloudops/gce/gce.go:191.3,191.33 1 0
github.com/libopenstorage/cloudops/gce/gce.go:199.3,199.38 1 0
github.com/libopenstorage/cloudops/gce/gce.go:207.3,207.37 1 0
github.com/libopenstorage/cloudops/gce/gce.go:215.3,215.32 1 0
github.com/libopenstorage/cloudops/gce/gce.go:187.18,188.12 1 0
github.com/libopenstorage/cloudops/gce/gce.go:191.33,192.25 1 0
github.com/libopenstorage/cloudops/gce/gce.go:196.4,196.32 1 0
github.com/libopenstorage/cloudops/gce/gce.go:192.25,194.5 1 0
github.com/libopenstorage/cloudops/gce/gce.go:199.38,200.25 1 0
github.com/libopenstorage/cloudops/gce/gce.go:204.4,204.34 1 0
github.com/libopenstorage/cloudops/gce/gce.go:200.25,202.5 1 0
github.com/libopenstorage/cloudops/gce/gce.go:207.37,208.25 1 0
github.com/libopenstorage/cloudops/gce/gce.go:212.4,212.33 1 0
github.com/libopenstorage/cloudops/gce/gce.go:208.25,210.5 1 0
github.com/libopenstorage/cloudops/gce/gce.go:215.32,216.25 1 0
github.com/libopenstorage/cloudops/gce/gce.go:220.4,221.18 2 0
github.com/libopenstorage/cloudops/gce/gce.go:216.25,218.5 1 0
github.com/libopenstorage/cloudops/gce/gce.go:221.18,223.5 1 0
github.com/libopenstorage/cloudops/gce/gce.go:230.24,235.3 1 0
github.com/libopenstorage/cloudops/gce/gce.go:237.47,238.30 1 0
github.com/libopenstorage/cloudops/gce/gce.go:238.30,242.18 3 0
github.com/libopenstorage/cloudops/gce/gce.go:247.4,248.53 2 0
github.com/libopenstorage/cloudops/gce/gce.go:258.4,259.18 2 0
github.com/libopenstorage/cloudops/gce/gce.go:263.4,264.13 2 0
github.com/libopenstorage/cloudops/gce/gce.go:272.4,281.35 2 0
github.com/libopenstorage/cloudops/gce/gce.go:291.4,291.30 1 0
github.com/libopenstorage/cloudops/gce/gce.go:295.4,295.22 1 0
github.com/libopenstorage/cloudops/gce/gce.go:242.18,245.5 2 0
github.com/libopenstorage/cloudops/gce/gce.go:248.53,251.23 2 0
github.com/libopenstorage/cloudops/gce/gce.go:255.5,255.47 1 0
github.com/libopenstorage/cloudops/gce/gce.go:251.23,253.6 1 0
github.com/libopenstorage/cloudops/gce/gce.go:259.18,261.5 1 0
github.com/libopenstorage/cloudops/gce/gce.go:264.13,267.5 2 0
github.com/libopenstorage/cloudops/gce/gce.go:267.10,271.5 2 0
github.com/libopenstorage/cloudops/gce/gce.go:281.35,289.5 5 0
github.com/libopenstorage/cloudops/gce/gce.go:291.30,293.5 1 0
github.com/libopenstorage/cloudops/gce/gce.go:306.9,308.16 2 0
github.com/libopenstorage/cloudops/gce/gce.go:312.2,313.24 2 0
github.com/libopenstorage/cloudops/gce/gce.go:319.2,319.41 1 0
github.com/libopenstorage/cloudops/gce/gce.go:323.2,329.16 3 0
github.com/libopenstorage/cloudops/gce/gce.go:332.2,332.72 1 0
github.com/libopenstorage/cloudops/gce/gce.go:308.16,310.3 1 0
github.com/libopenstorage/cloudops/gce/gce.go:313.24,315.3 1 0
github.com/libopenstorage/cloudops/gce/gce.go:315.8,317.3 1 0
github.com/libopenstorage/cloudops/gce/gce.go:319.41,321.3 1 0
github.com/libopenstorage/cloudops/gce/gce.go:329.16,331.3 1 0
github.com/libopenstorage/cloudops/gce/gce.go:335.85,341.16 5 0
github.com/libopenstorage/cloudops/gce/gce.go:345.2,345.23 1 0
github.com/libopenstorage/cloudops/gce/gce.go:349.2,360.16 4 0
github.com/libopenstorage/cloudops/gce/gce.go:364.2,364.89 1 0
github.com/libopenstorage/cloudops/gce/gce.go:368.2,369.16 2 0
github.com/libopenstorage/cloudops/gce/gce.go:373.2,373.24 1 0
github.com/libopenstorage/cloudops/gce/gce.go:341.16,343.3 1 0
github.com/libopenstorage/cloudops/gce/gce.go:345.23,347.3 1 0
github.com/libopenstorage/cloudops/gce/gce.go:360.16,362.3 1 0
github.com/libopenstorage/cloudops/gce/gce.go:364.89,366.3 1 0
github.com/libopenstorage/cloudops/gce/gce.go:369.16,371.3 1 0
github.com/libopenstorage/cloudops/gce/gce.go:380.24,382.9 2 0
github.com/libopenstorage/cloudops/gce/gce.go:387.2,387.42 1 0
github.com/libopenstorage/cloudops/gce/gce.go:392.2,405.16 3 0
github.com/libopenstorage/cloudops/gce/gce.go:409.2,409.90 1 0
github.com/libopenstorage/cloudops/gce/gce.go:413.2,413.82 1 0
github.com/libopenstorage/cloudops/gce/gce.go:417.2,418.16 2 0
github.com/libopenstorage/cloudops/gce/gce.go:422.2,422.15 1 0
github.com/libopenstorage/cloudops/gce/gce.go:382.9,385.3 1 0
github.com/libopenstorage/cloudops/gce/gce.go:387.42,390.3 2 0
github.com/libopenstorage/cloudops/gce/gce.go:405.16,407.3 1 0
github.com/libopenstorage/cloudops/gce/gce.go:409.90,411.3 1 0
github.com/libopenstorage/cloudops/gce/gce.go:413.82,415.3 1 0
github.com/libopenstorage/cloudops/gce/gce.go:418.16,420.3 1 0
github.com/libopenstorage/cloudops/gce/gce.go:425.49,427.2 1 0
github.com/libopenstorage/cloudops/gce/gce.go:429.94,432.16 2 0
github.com/libopenstorage/cloudops/gce/gce.go:436.2,436.41 1 0
github.com/libopenstorage/cloudops/gce/gce.go:455.2,456.16 2 0
github.com/libopenstorage/cloudops/gce/gce.go:460.2,460.12 1 0
github.com/libopenstorage/cloudops/gce/gce.go:432.16,434.3 1 0
github.com/libopenstorage/cloudops/gce/gce.go:436.41,439.17 2 0
github.com/libopenstorage/cloudops/gce/gce.go:445.3,445.33 1 0
github.com/libopenstorage/cloudops/gce/gce.go:449.3,452.50 1 0
github.com/libopenstorage/cloudops/gce/gce.go:439.17,442.4 1 0
github.com/libopenstorage/cloudops/gce/gce.go:445.33,447.4 1 0
github.com/libopenstorage/cloudops/gce/gce.go:456.16,458.3 1 0
github.com/libopenstorage/cloudops/gce/gce.go:463.69,467.72 4 0
github.com/libopenstorage/cloudops/gce/gce.go:486.2,486.12 1 0
github.com/libopenstorage/cloudops/gce/gce.go:490.2,490.12 1 0
github.com/libopenstorage/cloudops/gce/gce.go:467.72,468.45 1 0
github.com/libopenstorage/cloudops/gce/gce.go:480.3,480.13 1 0
github.com/libopenstorage/cloudops/gce/gce.go:468.45,469.46 1 0
github.com/libopenstorage/cloudops/gce/gce.go:469.46,470.24 1 0
github.com/libopenstorage/cloudops/gce/gce.go:470.24,473.20 3 0
github.com/libopenstorage/cloudops/gce/gce.go:476.6,476.73 1 0
github.com/libopenstorage/cloudops/gce/gce.go:473.20,475.7 1 0
github.com/libopenstorage/cloudops/gce/gce.go:481.17,484.3 2 0
github.com/libopenstorage/cloudops/gce/gce.go:486.12,488.3 1 0
github.com/libopenstorage/cloudops/gce/gce.go:493.77,495.2 1 0
github.com/libopenstorage/cloudops/gce/gce.go:497.68,499.2 1 0
github.com/libopenstorage/cloudops/gce/gce.go:501.72,507.16 2 0
github.com/libopenstorage/cloudops/gce/gce.go:511.2,511.89 1 0
github.com/libopenstorage/cloudops/gce/gce.go:515.2,517.16 3 0
github.com/libopenstorage/cloudops/gce/gce.go:521.2,522.16 2 0
github.com/libopenstorage/cloudops/gce/gce.go:526.2,526.12 1 0
github.com/libopenstorage/cloudops/gce/gce.go:507.16,509.3 1 0
github.com/libopenstorage/cloudops/gce/gce.go:511.89,513.3 1 0
github.com/libopenstorage/cloudops/gce/gce.go:517.16,519.3 1 0
github.com/libopenstorage/cloudops/gce/gce.go:522.16,524.3 1 0
github.com/libopenstorage/cloudops/gce/gce.go:529.62,548.16 2 0
github.com/libopenstorage/cloudops/gce/gce.go:551.2,552.35 2 0
github.com/libopenstorage/cloudops/gce/gce.go:568.2,568.15 1 0
github.com/libopenstorage/cloudops/gce/gce.go:548.16,550.3 1 0
github.com/libopenstorage/cloudops/gce/gce.go:552.35,553.13 1 0
github.com/libopenstorage/cloudops/gce/gce.go:557.3,559.17 3 0
github.com/libopenstorage/cloudops/gce/gce.go:565.3,565.35 1 0
github.com/libopenstorage/cloudops/gce/gce.go:553.13,554.12 1 0
github.com/libopenstorage/cloudops/gce/gce.go:559.17,564.4 1 0
github.com/libopenstorage/cloudops/gce/gce.go:571.62,574.36 2 0
github.com/libopenstorage/cloudops/gce/gce.go:583.2,583.23 1 0
github.com/libopenstorage/cloudops/gce/gce.go:589.2,591.16 3 0
github.com/libopenstorage/cloudops/gce/gce.go:595.2,595.38 1 0
github.com/libopenstorage/cloudops/gce/gce.go:609.2,613.15 1 0
github.com/libopenstorage/cloudops/gce/gce.go:574.36,579.3 1 0
github.com/libopenstorage/cloudops/gce/gce.go:579.8,579.23 1 0
github.com/libopenstorage/cloudops/gce/gce.go:579.23,581.3 1 0
github.com/libopenstorage/cloudops/gce/gce.go:583.23,587.3 2 0
github.com/libopenstorage/cloudops/gce/gce.go:591.16,593.3 1 0
github.com/libopenstorage/cloudops/gce/gce.go:595.38,596.36 1 0
github.com/libopenstorage/cloudops/gce/gce.go:596.36,599.18 3 0
github.com/libopenstorage/cloudops/gce/gce.go:602.4,605.17 1 0
github.com/libopenstorage/cloudops/gce/gce.go:599.18,601.5 1 0
github.com/libopenstorage/cloudops/gce/gce.go:620.37,624.16 3 0
github.com/libopenstorage/cloudops/gce/gce.go:628.2,628.32 1 0
github.com/libopenstorage/cloudops/gce/gce.go:647.2,647.18 1 0
github.com/libopenstorage/cloudops/gce/gce.go:624.16,626.3 1 0
github.com/libopenstorage/cloudops/gce/gce.go:628.32,629.30 1 0
github.com/libopenstorage/cloudops/gce/gce.go:629.30,631.4 1 0
github.com/libopenstorage/cloudops/gce/gce.go:631.9,633.33 2 0
github.com/libopenstorage/cloudops/gce/gce.go:641.4,641.14 1 0
github.com/libopenstorage/cloudops/gce/gce.go:633.33,634.29 1 0
github.com/libopenstorage/cloudops/gce/gce.go:634.29,637.11 3 0
github.com/libopenstorage/cloudops/gce/gce.go:641.14,643.5 1 0
github.com/libopenstorage/cloudops/gce/gce.go:653.21,655.2 1 0
github.com/libopenstorage/cloudops/gce/gce.go:657.64,658.39 1 0
github.com/libopenstorage/cloudops/gce/gce.go:658.39,660.3 1 0
github.com/libopenstorage/cloudops/gce/gce.go:660.8,660.50 1 0
github.com/libopenstorage/cloudops/gce/gce.go:660.50,662.3 1 0
github.com/libopenstorage/cloudops/gce/gce.go:662.8,664.3 1 0
github.com/libopenstorage/cloudops/gce/gce.go:667.77,671.2 1 0
github.com/libopenstorage/cloudops/gce/gce.go:677.19,680.16 2 0
github.com/libopenstorage/cloudops/gce/gce.go:683.2,685.38 2 0
github.com/libopenstorage/cloudops/gce/gce.go:691.2,696.16 2 0
github.com/libopenstorage/cloudops/gce/gce.go:701.2,708.41 2 0
github.com/libopenstorage/cloudops/gce/gce.go:718.2,719.34 2 0
github.com/libopenstorage/cloudops/gce/gce.go:680.16,682.3 1 0
github.com/libopenstorage/cloudops/gce/gce.go:685.38,689.3 1 0
github.com/libopenstorage/cloudops/gce/gce.go:696.16,698.3 1 0
github.com/libopenstorage/cloudops/gce/gce.go:708.41,710.17 2 0
github.com/libopenstorage/cloudops/gce/gce.go:713.3,713.33 1 0
github.com/libopenstorage/cloudops/gce/gce.go:716.3,716.20 1 0
github.com/libopenstorage/cloudops/gce/gce.go:710.17,712.4 1 0
github.com/libopenstorage/cloudops/gce/gce.go:713.33,715.4 1 0
github.com/libopenstorage/cloudops/gce/gce.go:722.97,724.16 2 0
github.com/libopenstorage/cloudops/gce/gce.go:728.2,729.31 2 0
github.com/libopenstorage/cloudops/gce/gce.go:736.2,736.19 1 0
github.com/libopenstorage/cloudops/gce/gce.go:724.16,726.3 1 0
github.com/libopenstorage/cloudops/gce/gce.go:729.31,730.33 1 0
github.com/libopenstorage/cloudops/gce/gce.go:730.33,732.4 1 0
github.com/libopenstorage/cloudops/gce/gce.go:732.9,734.4 1 0
github.com/libopenstorage/cloudops/gce/gce.go:743.9,745.16 2 0
github.com/libopenstorage/cloudops/gce/gce.go:749.2,749.24 1 0
github.com/libopenstorage/cloudops/gce/gce.go:767.2,767.12 1 0
github.com/libopenstorage/cloudops/gce/gce.go:745.16,747.3 1 0
github.com/libopenstorage/cloudops/gce/gce.go:749.24,751.39 2 0
github.com/libopenstorage/cloudops/gce/gce.go:755.3,761.17 3 0
github.com/libopenstorage/cloudops/gce/gce.go:764.3,764.73 1 0
github.com/libopenstorage/cloudops/gce/gce.go:751.39,753.4 1 0
github.com/libopenstorage/cloudops/gce/gce.go:761.17,763.4 1 0
github.com/libopenstorage/cloudops/gce/gce.go:771.81,783.16 4 0
github.com/libopenstorage/cloudops/gce/gce.go:787.2,788.18 2 0
github.com/libopenstorage/cloudops/gce/gce.go:799.2,799.16 1 0
github.com/libopenstorage/cloudops/gce/gce.go:803.2,803.71 1 0
github.com/libopenstorage/cloudops/gce/gce.go:783.16,785.3 1 0
github.com/libopenstorage/cloudops/gce/gce.go:788.18,793.3 1 0
github.com/libopenstorage/cloudops/gce/gce.go:793.8,797.3 1 0
github.com/libopenstorage/cloudops/gce/gce.go:799.16,801.3 1 0
github.com/libopenstorage/cloudops/gce/gce.go:809.31,822.16 4 0
github.com/libopenstorage/cloudops/gce/gce.go:826.2,827.18 2 0
github.com/libopenstorage/cloudops/gce/gce.go:838.2,838.16 1 0
github.com/libopenstorage/cloudops/gce/gce.go:842.2,842.71 1 0
github.com/libopenstorage/cloudops/gce/gce.go:822.16,824.3 1 0
github.com/libopenstorage/cloudops/gce/gce.go:827.18,832.3 1 0
github.com/libopenstorage/cloudops/gce/gce.go:832.8,836.3 1 0
github.com/libopenstorage/cloudops/gce/gce.go:838.16,840.3 1 0
github.com/libopenstorage/cloudops/gce/gce.go:848.44,860.16 5 0
github.com/libopenstorage/cloudops/gce/gce.go:864.2,865.18 2 0
github.com/libopenstorage/cloudops/gce/gce.go:880.2,880.16 1 0
github.com/libopenstorage/cloudops/gce/gce.go:884.2,884.71 1 0
github.com/libopenstorage/cloudops/gce/gce.go:860.16,862.3 1 0
github.com/libopenstorage/cloudops/gce/gce.go:865.18,873.3 1 0
github.com/libopenstorage/cloudops/gce/gce.go:873.8,878.3 1 0
github.com/libopenstorage/cloudops/gce/gce.go:880.16,882.3 1 0
github.com/libopenstorage/cloudops/gce/gce.go:889.31,896.31 4 0
github.com/libopenstorage/cloudops/gce/gce.go:931.2,932.31 2 0
github.com/libopenstorage/cloudops/gce/gce.go:967.2,967.12 1 0
github.com/libopenstorage/cloudops/gce/gce.go:896.31,897.42 1 0
github.com/libopenstorage/cloudops/gce/gce.go:926.3,927.17 2 0
github.com/libopenstorage/cloudops/gce/gce.go:897.42,899.20 1 0
github.com/libopenstorage/cloudops/gce/gce.go:910.4,910.18 1 0
github.com/libopenstorage/cloudops/gce/gce.go:916.4,916.34 1 0
github.com/libopenstorage/cloudops/gce/gce.go:920.4,923.39 1 0
github.com/libopenstorage/cloudops/gce/gce.go:899.20,905.5 1 0
github.com/libopenstorage/cloudops/gce/gce.go:905.10,908.5 1 0
github.com/libopenstorage/cloudops/gce/gce.go:910.18,913.5 1 0
github.com/libopenstorage/cloudops/gce/gce.go:916.34,918.5 1 0
github.com/libopenstorage/cloudops/gce/gce.go:927.17,929.4 1 0
github.com/libopenstorage/cloudops/gce/gce.go:932.31,933.42 1 0
github.com/libopenstorage/cloudops/gce/gce.go:962.3,963.17 2 0
github.com/libopenstorage/cloudops/gce/gce.go:933.42,935.20 1 0
github.com/libopenstorage/cloudops/gce/gce.go:947.4,947.18 1 0
github.com/libopenstorage/cloudops/gce/gce.go:952.4,952.35 1 0
github.com/libopenstorage/cloudops/gce/gce.go:956.4,959.41 1 0
github.com/libopenstorage/cloudops/gce/gce.go:935.20,941.5 1 0
github.com/libopenstorage/cloudops/gce/gce.go:941.10,945.5 1 0
github.com/libopenstorage/cloudops/gce/gce.go:947.18,950.5 1 0
github.com/libopenstorage/cloudops/gce/gce.go:952.35,954.5 1 0
github.com/libopenstorage/cloudops/gce/gce.go:963.17,965.4 1 0
github.com/libopenstorage/cloudops/gce/gce.go:970.78,973.16 2 0
github.com/libopenstorage/cloudops/gce/gce.go:977.2,978.18 2 0
github.com/libopenstorage/cloudops/gce/gce.go:987.2,987.16 1 0
github.com/libopenstorage/cloudops/gce/gce.go:991.2,992.62 2 0
github.com/libopenstorage/cloudops/gce/gce.go:1018.2,1018.23 1 0
github.com/libopenstorage/cloudops/gce/gce.go:973.16,975.3 1 0
github.com/libopenstorage/cloudops/gce/gce.go:978.18,981.3 1 0
github.com/libopenstorage/cloudops/gce/gce.go:981.8,985.3 2 0
github.com/libopenstorage/cloudops/gce/gce.go:987.16,989.3 1 0
github.com/libopenstorage/cloudops/gce/gce.go:992.62,998.20 4 0
github.com/libopenstorage/cloudops/gce/gce.go:1004.3,1005.20 2 0
github.com/libopenstorage/cloudops/gce/gce.go:1011.3,1012.17 2 0
github.com/libopenstorage/cloudops/gce/gce.go:1015.3,1015.41 1 0
github.com/libopenstorage/cloudops/gce/gce.go:998.20,1000.4 1 0
github.com/libopenstorage/cloudops/gce/gce.go:1000.9,1002.4 1 0
github.com/libopenstorage/cloudops/gce/gce.go:1005.20,1007.4 1 0
github.com/libopenstorage/cloudops/gce/gce.go:1007.9,1009.4 1 0
github.com/libopenstorage/cloudops/gce/gce.go:1012.17,1014.4 1 0
github.com/libopenstorage/cloudops/gce/gce.go:1021.78,1023.16 2 0
github.com/libopenstorage/cloudops/gce/gce.go:1027.2,1028.16 2 0
github.com/libopenstorage/cloudops/gce/gce.go:1032.2,1033.26 2 0
github.com/libopenstorage/cloudops/gce/gce.go:1046.2,1046.16 1 0
github.com/libopenstorage/cloudops/gce/gce.go:1050.2,1050.38 1 0
github.com/libopenstorage/cloudops/gce/gce.go:1023.16,1025.3 1 0
github.com/libopenstorage/cloudops/gce/gce.go:1028.16,1030.3 1 0
github.com/libopenstorage/cloudops/gce/gce.go:1033.26,1038.3 1 0
github.com/libopenstorage/cloudops/gce/gce.go:1038.8,1044.3 2 0
github.com/libopenstorage/cloudops/gce/gce.go:1046.16,1048.3 1 0
github.com/libopenstorage/cloudops/gce/gce.go:1053.51,1056.16 2 0
github.com/libopenstorage/cloudops/gce/gce.go:1060.2,1061.17 2 0
github.com/libopenstorage/cloudops/gce/gce.go:1065.2,1065.34 1 0
github.com/libopenstorage/cloudops/gce/gce.go:1078.2,1078.80 1 0
github.com/libopenstorage/cloudops/gce/gce.go:1056.16,1058.3 1 0
github.com/libopenstorage/cloudops/gce/gce.go:1061.17,1063.3 1 0
github.com/libopenstorage/cloudops/gce/gce.go:1065.34,1066.18 1 0
github.com/libopenstorage/cloudops/gce/gce.go:1070.3,1070.33 1 0
github.com/libopenstorage/cloudops/gce/gce.go:1066.18,1067.12 1 0
github.com/libopenstorage/cloudops/gce/gce.go:1070.33,1071.25 1 0
github.com/libopenstorage/cloudops/gce/gce.go:1075.4,1075.27 1 0
github.com/libopenstorage/cloudops/gce/gce.go:1071.25,1073.5 1 0
github.com/libopenstorage/cloudops/gce/gce.go:1085.24,1091.16 3 0
github.com/libopenstorage/cloudops/gce/gce.go:1095.2,1095.97 1 0
github.com/libopenstorage/cloudops/gce/gce.go:1099.2,1099.63 1 0
github.com/libopenstorage/cloudops/gce/gce.go:1103.2,1104.16 2 0
github.com/libopenstorage/cloudops/gce/gce.go:1108.2,1108.18 1 0
github.com/libopenstorage/cloudops/gce/gce.go:1091.16,1093.3 1 0
github.com/libopenstorage/cloudops/gce/gce.go:1095.97,1097.3 1 0
github.com/libopenstorage/cloudops/gce/gce.go:1099.63,1101.3 1 0
github.com/libopenstorage/cloudops/gce/gce.go:1104.16,1106.3 1 0
github.com/libopenstorage/cloudops/gce/gce.go:1111.81,1113.16 2 0
github.com/libopenstorage/cloudops/gce/gce.go:1116.2,1116.73 1 0
github.com/libopenstorage/cloudops/gce/gce.go:1113.16,1115.3 1 0
github.com/libopenstorage/cloudops/gce/gce.go:1119.67,1121.16 2 0
github.com/libopenstorage/cloudops/gce/gce.go:1125.2,1125.22 1 0
github.com/libopenstorage/cloudops/gce/gce.go:1121.16,1123.3 1 0
github.com/libopenstorage/cloudops/gce/gce.go:1128.50,1130.2 1 0
github.com/libopenstorage/cloudops/gce/gce.go:1132.80,1134.37 1 0
github.com/libopenstorage/cloudops/gce/gce.go:1156.2,1156.12 1 0
github.com/libopenstorage/cloudops/gce/gce.go:1134.37,1136.18 2 0
github.com/libopenstorage/cloudops/gce/gce.go:1140.4,1141.24 2 0
github.com/libopenstorage/cloudops/gce/gce.go:1145.4,1145.25 1 0
github.com/libopenstorage/cloudops/gce/gce.go:1151.4,1151.26 1 0
github.com/libopenstorage/cloudops/gce/gce.go:1136.18,1138.5 1 0
github.com/libopenstorage/cloudops/gce/gce.go:1141.24,1143.5 1 0
github.com/libopenstorage/cloudops/gce/gce.go:1145.25,1149.5 1 0
github.com/libopenstorage/cloudops/gce/gce.go:1159.67,1161.37 1 0
github.com/libopenstorage/cloudops/gce/gce.go:1183.2,1183.12 1 0
github.com/libopenstorage/cloudops/gce/gce.go:1161.37,1163.18 2 0
github.com/libopenstorage/cloudops/gce/gce.go:1167.4,1168.24 2 0
github.com/libopenstorage/cloudops/gce/gce.go:1172.4,1172.25 1 0
github.com/libopenstorage/cloudops/gce/gce.go:1178.4,1178.26 1 0
github.com/libopenstorage/cloudops/gce/gce.go:1163.18,1165.5 1 0
github.com/libopenstorage/cloudops/gce/gce.go:1168.24,1170.5 1 0
github.com/libopenstorage/cloudops/gce/gce.go:1172.25,1176.5 1 0
github.com/libopenstorage/cloudops/gce/gce.go:1187.50,1189.2 1 0
github.com/libopenstorage/cloudops/gce/gce.go:1191.64,1193.2 1 0
github.com/libopenstorage/cloudops/gce/gce.go:1196.57,1199.16 3 0
github.com/libopenstorage/cloudops/gce/gce.go:1203.2,1206.16 3 0
github.com/libopenstorage/cloudops/gce/gce.go:1210.2,1211.16 2 0
github.com/libopenstorage/cloudops/gce/gce.go:1215.2,1216.16 2 0
github.com/libopenstorage/cloudops/gce/gce.go:1220.2,1221.16 2 0
github.com/libopenstorage/cloudops/gce/gce.go:1226.2,1227.16 2 0
github.com/libopenstorage/cloudops/gce/gce.go:1232.2,1233.16 2 0
github.com/libopenstorage/cloudops/gce/gce.go:1249.2,1252.36 4 0
github.com/libopenstorage/cloudops/gce/gce.go:1261.2,1261.12 1 0
github.com/libopenstorage/cloudops/gce/gce.go:1199.16,1201.3 1 0
github.com/libopenstorage/cloudops/gce/gce.go:1206.16,1208.3 1 0
github.com/libopenstorage/cloudops/gce/gce.go:1211.16,1213.3 1 0
github.com/libopenstorage/cloudops/gce/gce.go:1216.16,1218.3 1 0
github.com/libopenstorage/cloudops/gce/gce.go:1221.16,1224.3 1 0
github.com/libopenstorage/cloudops/gce/gce.go:1227.16,1230.3 1 0
github.com/libopenstorage/cloudops/gce/gce.go:1233.16,1236.3 1 0
github.com/libopenstorage/cloudops/gce/gce.go:1236.8,1238.17 2 0
github.com/libopenstorage/cloudops/gce/gce.go:1242.3,1242.51 1 0
github.com/libopenstorage/cloudops/gce/gce.go:1238.17,1240.4 1 0
github.com/libopenstorage/cloudops/gce/gce.go:1242.51,1243.31 1 0
github.com/libopenstorage/cloudops/gce/gce.go:1243.31,1245.5 1 0
github.com/libopenstorage/cloudops/gce/gce.go:1252.36,1254.3 1 0
github.com/libopenstorage/cloudops/gce/gce.go:1254.8,1256.17 2 0
github.com/libopenstorage/cloudops/gce/gce.go:1256.17,1259.4 1 0
github.com/libopenstorage/cloudops/gce/gce.go:1264.43,1267.16 3 2
github.com/libopenstorage/cloudops/gce/gce.go:1271.2,1272.16 2 0
github.com/libopenstorage/cloudops/gce/gce.go:1276.2,1279.16 3 0
github.com/libopenstorage/cloudops/gce/gce.go:1283.2,1288.12 5 0
github.com/libopenstorage/cloudops/gce/gce.go:1267.16,1269.3 1 2
github.com/libopenstorage/cloudops/gce/gce.go:1272.16,1274.3 1 0
github.com/libopenstorage/cloudops/gce/gce.go:1279.16,1281.3 1 0
github.com/libopenstorage/cloudops/gce/gce.go:1291.67,1294.16 3 0
github.com/libopenstorage/cloudops/gce/gce.go:1297.2,1297.18 1 0
github.com/libopenstorage/cloudops/gce/gce.go:1294.16,1296.3 1 0
github.com/libopenstorage/cloudops/gce/gce.go:1304.9,1307.37 1 0
github.com/libopenstorage/cloudops/gce/gce.go:1327.2,1327.12 1 0
github.com/libopenstorage/cloudops/gce/gce.go:1307.37,1309.18 2 0
github.com/libopenstorage/cloudops/gce/gce.go:1313.4,1313.33 1 0
github.com/libopenstorage/cloudops/gce/gce.go:1321.4,1321.26 1 0
github.com/libopenstorage/cloudops/gce/gce.go:1309.18,1311.5 1 0
github.com/libopenstorage/cloudops/gce/gce.go:1313.33,1314.28 1 0
github.com/libopenstorage/cloudops/gce/gce.go:1314.28,1318.6 1 0
github.com/libopenstorage/cloudops/gce/gce.go:1334.19,1336.37 1 0
github.com/libopenstorage/cloudops/gce/gce.go:1349.2,1349.16 1 0
github.com/libopenstorage/cloudops/gce/gce.go:1353.2,1353.33 1 0
github.com/libopenstorage/cloudops/gce/gce.go:1336.37,1339.52 2 0
github.com/libopenstorage/cloudops/gce/gce.go:1345.4,1345.33 1 0
github.com/libopenstorage/cloudops/gce/gce.go:1339.52,1341.5 1 0
github.com/libopenstorage/cloudops/gce/gce.go:1341.10,1341.25 1 0
github.com/libopenstorage/cloudops/gce/gce.go:1341.25,1343.5 1 0
github.com/libopenstorage/cloudops/gce/gce.go:1349.16,1351.3 1 0
github.com/libopenstorage/cloudops/gce/gce.go:1367.9,1369.37 1 0
github.com/libopenstorage/cloudops/gce/gce.go:1405.2,1405.17 1 0
github.com/libopenstorage/cloudops/gce/gce.go:1369.37,1372.18 2 0
github.com/libopenstorage/cloudops/gce/gce.go:1384.4,1384.44 1 0
github.com/libopenstorage/cloudops/gce/gce.go:1390.4,1390.80 1 0
github.com/libopenstorage/cloudops/gce/gce.go:1399.4,1400.26 2 0
github.com/libopenstorage/cloudops/gce/gce.go:1372.18,1375.47 1 0
github.com/libopenstorage/cloudops/gce/gce.go:1381.5,1381.124 1 0
github.com/libopenstorage/cloudops/gce/gce.go:1375.47,1376.31 1 0
github.com/libopenstorage/cloudops/gce/gce.go:1376.31,1379.7 1 0
github.com/libopenstorage/cloudops/gce/gce.go:1384.44,1388.5 1 0
github.com/libopenstorage/cloudops/gce/gce.go:1390.80,1397.5 1 0
github.com/libopenstorage/cloudops/gce/gce.go:1410.68,1412.27 2 0
github.com/libopenstorage/cloudops/gce/gce.go:1416.2,1416.15 1 0
github.com/libopenstorage/cloudops/gce/gce.go:1412.27,1414.3 1 0
github.com/libopenstorage/cloudops/gce/gce.go:1419.99,1424.21 4 0
github.com/libopenstorage/cloudops/gce/gce.go:1431.2,1431.72 1 0
github.com/libopenstorage/cloudops/gce/gce.go:1444.2,1444.22 1 0
github.com/libopenstorage/cloudops/gce/gce.go:1424.21,1427.3 2 0
github.com/libopenstorage/cloudops/gce/gce.go:1427.8,1429.3 1 0
github.com/libopenstorage/cloudops/gce/gce.go:1431.72,1432.45 1 0
github.com/libopenstorage/cloudops/gce/gce.go:1438.3,1438.13 1 0
github.com/libopenstorage/cloudops/gce/gce.go:1432.45,1433.46 1 0
github.com/libopenstorage/cloudops/gce/gce.go:1433.46,1435.5 1 0
github.com/libopenstorage/cloudops/gce/gce.go:1439.17,1442.3 2 0
github.com/libopenstorage/cloudops/gce/gce.go:1447.80,1454.6 2 0
github.com/libopenstorage/cloudops/gce/gce.go:1465.2,1465.16 1 0
github.com/libopenstorage/cloudops/gce/gce.go:1454.6,1455.62 1 0
github.com/libopenstorage/cloudops/gce/gce.go:1458.3,1460.44 3 0
github.com/libopenstorage/cloudops/gce/gce.go:1463.3,1463.38 1 0
github.com/libopenstorage/cloudops/gce/gce.go:1455.62,1457.4 1 0
github.com/libopenstorage/cloudops/gce/gce.go:1460.44,1461.9 1 0
github.com/libopenstorage/cloudops/gce/gce.go:1468.71,1471.16 2 0
github.com/libopenstorage/cloudops/gce/gce.go:1475.2,1475.35 1 0
github.com/libopenstorage/cloudops/gce/gce.go:1487.2,1487.21 1 0
github.com/libopenstorage/cloudops/gce/gce.go:1471.16,1473.3 1 0
github.com/libopenstorage/cloudops/gce/gce.go:1475.35,1477.17 2 0
github.com/libopenstorage/cloudops/gce/gce.go:1481.3,1481.46 1 0
github.com/libopenstorage/cloudops/gce/gce.go:1477.17,1479.4 1 0
github.com/libopenstorage/cloudops/gce/gce.go:1482.8,1485.3 1 0
github.com/libopenstorage/cloudops/gce/gce.go:1490.63,1492.27 2 0
github.com/libopenstorage/cloudops/gce/gce.go:1495.2,1495.18 1 0
github.com/libopenstorage/cloudops/gce/gce.go:1492.27,1494.3 1 0
github.com/libopenstorage/cloudops/gce/gce.go:1498.41,1504.16 2 0
github.com/libopenstorage/cloudops/gce/gce.go:1511.2,1511.14 1 0
github.com/libopenstorage/cloudops/gce/gce.go:1504.16,1505.47 1 0
github.com/libopenstorage/cloudops/gce/gce.go:1505.47,1506.48 1 0
github.com/libopenstorage/cloudops/gce/gce.go:1506.48,1508.5 1 0
github.com/libopenstorage/cloudops/gce/gce.go:1514.59,1518.2 2 0
github.com/libopenstorage/cloudops/gce/gce.go:1520.62,1524.2 1 0
github.com/libopenstorage/cloudops/pkg/parser/parser.go:26.67,28.2 1 2
github.com/libopenstorage/cloudops/pkg/parser/parser.go:35.9,37.16 2 1
github.com/libopenstorage/cloudops/pkg/parser/parser.go:40.2,40.52 1 1
github.com/libopenstorage/cloudops/pkg/parser/parser.go:37.16,39.3 1 0
github.com/libopenstorage/cloudops/pkg/parser/parser.go:45.44,47.16 2 2
github.com/libopenstorage/cloudops/pkg/parser/parser.go:50.2,50.40 1 2
github.com/libopenstorage/cloudops/pkg/parser/parser.go:47.16,49.3 1 0
github.com/libopenstorage/cloudops/pkg/parser/parser.go:53.92,55.2 1 1
github.com/libopenstorage/cloudops/pkg/parser/parser.go:57.99,59.58 2 2
github.com/libopenstorage/cloudops/pkg/parser/parser.go:62.2,62.20 1 2
github.com/libopenstorage/cloudops/pkg/parser/parser.go:59.58,61.3 1 0
github.com/libopenstorage/cloudops/oracle/storagemanager/oracle.go:17.104,21.2 1 1
github.com/libopenstorage/cloudops/oracle/storagemanager/oracle.go:25.50,28.54 3 3
github.com/libopenstorage/cloudops/oracle/storagemanager/oracle.go:56.2,56.22 1 3
github.com/libopenstorage/cloudops/oracle/storagemanager/oracle.go:28.54,39.17 3 3
github.com/libopenstorage/cloudops/oracle/storagemanager/oracle.go:42.3,42.29 1 3
github.com/libopenstorage/cloudops/oracle/storagemanager/oracle.go:45.3,54.4 1 3
github.com/libopenstorage/cloudops/oracle/storagemanager/oracle.go:39.17,41.4 1 0
github.com/libopenstorage/cloudops/oracle/storagemanager/oracle.go:42.29,44.4 1 3
github.com/libopenstorage/cloudops/oracle/storagemanager/oracle.go:58.148,60.16 2 11
github.com/libopenstorage/cloudops/oracle/storagemanager/oracle.go:63.2,63.51 1 10
github.com/libopenstorage/cloudops/oracle/storagemanager/oracle.go:66.2,67.36 2 10
github.com/libopenstorage/cloudops/oracle/storagemanager/oracle.go:70.2,70.18 1 10
github.com/libopenstorage/cloudops/oracle/storagemanager/oracle.go:60.16,62.3 1 1
github.com/libopenstorage/cloudops/oracle/storagemanager/oracle.go:63.51,65.3 1 0
github.com/libopenstorage/cloudops/oracle/storagemanager/oracle.go:67.36,69.3 1 9
github.com/libopenstorage/cloudops/oracle/storagemanager/oracle.go:73.113,75.23 2 13
github.com/libopenstorage/cloudops/oracle/storagemanager/oracle.go:117.2,117.76 1 13
github.com/libopenstorage/cloudops/oracle/storagemanager/oracle.go:120.2,120.57 1 13
github.com/libopenstorage/cloudops/oracle/storagemanager/oracle.go:76.14,78.23 2 6
github.com/libopenstorage/cloudops/oracle/storagemanager/oracle.go:79.15,81.24 2 0
github.com/libopenstorage/cloudops/oracle/storagemanager/oracle.go:82.15,84.24 2 5
github.com/libopenstorage/cloudops/oracle/storagemanager/oracle.go:85.15,87.24 2 0
github.com/libopenstorage/cloudops/oracle/storagemanager/oracle.go:88.15,90.25 2 0
github.com/libopenstorage/cloudops/oracle/storagemanager/oracle.go:91.15,93.25 2 2
github.com/libopenstorage/cloudops/oracle/storagemanager/oracle.go:94.15,96.25 2 0
github.com/libopenstorage/cloudops/oracle/storagemanager/oracle.go:97.15,99.25 2 0
github.com/libopenstorage/cloudops/oracle/storagemanager/oracle.go:100.15,102.25 2 0
github.com/libopenstorage/cloudops/oracle/storagemanager/oracle.go:103.15,105.25 2 0
github.com/libopenstorage/cloudops/oracle/storagemanager/oracle.go:106.16,108.25 2 0
github.com/libopenstorage/cloudops/oracle/storagemanager/oracle.go:109.16,111.25 2 0
github.com/libopenstorage/cloudops/oracle/storagemanager/oracle.go:112.16,114.25 2 0
github.com/libopenstorage/cloudops/oracle/storagemanager/oracle.go:117.76,119.3 1 0
github.com/libopenstorage/cloudops/oracle/storagemanager/oracle.go:123.13,125.2 1 1
github.com/libopenstorage/cloudops/pkg/storagedistribution/storagedistribution.go:45.84,48.37 2 0
github.com/libopenstorage/cloudops/pkg/storagedistribution/storagedistribution.go:49.47,51.42 1 0
github.com/libopenstorage/cloudops/pkg/storagedistribution/storagedistribution.go:52.50,54.45 1 0
github.com/libopenstorage/cloudops/pkg/storagedistribution/storagedistribution.go:55.10,58.17 2 0
github.com/libopenstorage/cloudops/pkg/storagedistribution/storagedistribution.go:61.3,61.24 1 0
github.com/libopenstorage/cloudops/pkg/storagedistribution/storagedistribution.go:58.17,60.4 1 0
github.com/libopenstorage/cloudops/pkg/storagedistribution/storagedistribution.go:83.84,84.55 1 0
github.com/libopenstorage/cloudops/pkg/storagedistribution/storagedistribution.go:88.2,95.27 6 0
github.com/libopenstorage/cloudops/pkg/storagedistribution/storagedistribution.go:103.2,109.23 4 0
github.com/libopenstorage/cloudops/pkg/storagedistribution/storagedistribution.go:115.2,117.30 3 0
github.com/libopenstorage/cloudops/pkg/storagedistribution/storagedistribution.go:121.2,121.29 1 0
github.com/libopenstorage/cloudops/pkg/storagedistribution/storagedistribution.go:125.2,126.23 2 0
github.com/libopenstorage/cloudops/pkg/storagedistribution/storagedistribution.go:134.2,135.30 2 0
github.com/libopenstorage/cloudops/pkg/storagedistribution/storagedistribution.go:141.2,142.23 2 0
github.com/libopenstorage/cloudops/pkg/storagedistribution/storagedistribution.go:148.2,161.24 6 0
github.com/libopenstorage/cloudops/pkg/storagedistribution/storagedistribution.go:84.55,86.3 1 0
github.com/libopenstorage/cloudops/pkg/storagedistribution/storagedistribution.go:95.27,100.3 1 0
github.com/libopenstorage/cloudops/pkg/storagedistribution/storagedistribution.go:109.23,113.3 1 0
github.com/libopenstorage/cloudops/pkg/storagedistribution/storagedistribution.go:117.30,119.3 1 0
github.com/libopenstorage/cloudops/pkg/storagedistribution/storagedistribution.go:121.29,123.3 1 0
github.com/libopenstorage/cloudops/pkg/storagedistribution/storagedistribution.go:126.23,132.3 2 0
github.com/libopenstorage/cloudops/pkg/storagedistribution/storagedistribution.go:135.30,136.44 1 0
github.com/libopenstorage/cloudops/pkg/storagedistribution/storagedistribution.go:136.44,138.4 1 0
github.com/libopenstorage/cloudops/pkg/storagedistribution/storagedistribution.go:142.23,146.3 1 0
github.com/libopenstorage/cloudops/pkg/storagedistribution/storagedistribution.go:183.84,184.55 1 0
github.com/libopenstorage/cloudops/pkg/storagedistribution/storagedistribution.go:188.2,188.36 1 0
github.com/libopenstorage/cloudops/pkg/storagedistribution/storagedistribution.go:196.2,207.23 5 0
github.com/libopenstorage/cloudops/pkg/storagedistribution/storagedistribution.go:213.2,214.23 2 0
github.com/libopenstorage/cloudops/pkg/storagedistribution/storagedistribution.go:220.2,221.23 2 0
github.com/libopenstorage/cloudops/pkg/storagedistribution/storagedistribution.go:227.2,228.30 2 0
github.com/libopenstorage/cloudops/pkg/storagedistribution/storagedistribution.go:249.2,252.3 1 0
github.com/libopenstorage/cloudops/pkg/storagedistribution/storagedistribution.go:184.55,186.3 1 0
github.com/libopenstorage/cloudops/pkg/storagedistribution/storagedistribution.go:188.36,194.3 1 0
github.com/libopenstorage/cloudops/pkg/storagedistribution/storagedistribution.go:207.23,211.3 1 0
github.com/libopenstorage/cloudops/pkg/storagedistribution/storagedistribution.go:214.23,218.3 1 0
github.com/libopenstorage/cloudops/pkg/storagedistribution/storagedistribution.go:221.23,225.3 1 0
github.com/libopenstorage/cloudops/pkg/storagedistribution/storagedistribution.go:228.30,230.28 2 0
github.com/libopenstorage/cloudops/pkg/storagedistribution/storagedistribution.go:233.3,233.67 1 0
github.com/libopenstorage/cloudops/pkg/storagedistribution/storagedistribution.go:237.3,247.25 4 0
github.com/libopenstorage/cloudops/pkg/storagedistribution/storagedistribution.go:230.28,232.4 1 0
github.com/libopenstorage/cloudops/pkg/storagedistribution/storagedistribution.go:233.67,234.12 1 0
github.com/libopenstorage/cloudops/pkg/storagedistribution/storagedistribution.go:255.80,263.2 3 4
github.com/libopenstorage/cloudops/pkg/storagedistribution/storagedistribution.go:301.82,304.20 2 0
github.com/libopenstorage/cloudops/pkg/storagedistribution/storagedistribution.go:309.2,325.72 6 0
github.com/libopenstorage/cloudops/pkg/storagedistribution/storagedistribution.go:374.2,374.35 1 0
github.com/libopenstorage/cloudops/pkg/storagedistribution/storagedistribution.go:380.2,381.119 2 0
github.com/libopenstorage/cloudops/pkg/storagedistribution/storagedistribution.go:389.2,395.58 3 0
github.com/libopenstorage/cloudops/pkg/storagedistribution/storagedistribution.go:304.20,306.3 1 0
github.com/libopenstorage/cloudops/pkg/storagedistribution/storagedistribution.go:325.72,329.94 2 0
github.com/libopenstorage/cloudops/pkg/storagedistribution/storagedistribution.go:366.3,366.28 1 0
github.com/libopenstorage/cloudops/pkg/storagedistribution/storagedistribution.go:371.3,371.17 1 0
github.com/libopenstorage/cloudops/pkg/storagedistribution/storagedistribution.go:329.94,335.94 4 0
github.com/libopenstorage/cloudops/pkg/storagedistribution/storagedistribution.go:359.4,359.23 1 0
github.com/libopenstorage/cloudops/pkg/storagedistribution/storagedistribution.go:363.4,363.33 1 0
github.com/libopenstorage/cloudops/pkg/storagedistribution/storagedistribution.go:335.94,337.61 2 0
github.com/libopenstorage/cloudops/pkg/storagedistribution/storagedistribution.go:342.5,342.44 1 0
github.com/libopenstorage/cloudops/pkg/storagedistribution/storagedistribution.go:337.61,340.11 2 0
github.com/libopenstorage/cloudops/pkg/storagedistribution/storagedistribution.go:342.44,344.33 1 0
github.com/libopenstorage/cloudops/pkg/storagedistribution/storagedistribution.go:344.33,350.58 3 0
github.com/libopenstorage/cloudops/pkg/storagedistribution/storagedistribution.go:350.58,353.13 2 0
github.com/libopenstorage/cloudops/pkg/storagedistribution/storagedistribution.go:359.23,361.37 1 0
github.com/libopenstorage/cloudops/pkg/storagedistribution/storagedistribution.go:366.28,368.21 1 0
github.com/libopenstorage/cloudops/pkg/storagedistribution/storagedistribution.go:374.35,377.3 1 0
github.com/libopenstorage/cloudops/pkg/storagedistribution/storagedistribution.go:381.119,383.74 1 0
github.com/libopenstorage/cloudops/pkg/storagedistribution/storagedistribution.go:387.3,387.8 1 0
github.com/libopenstorage/cloudops/pkg/storagedistribution/storagedistribution.go:383.74,385.12 1 0
github.com/libopenstorage/cloudops/pkg/storagedistribution/storagedistribution.go:402.9,404.47 2 0
github.com/libopenstorage/cloudops/pkg/storagedistribution/storagedistribution.go:411.2,412.27 2 0
github.com/libopenstorage/cloudops/pkg/storagedistribution/storagedistribution.go:416.2,416.73 1 0
github.com/libopenstorage/cloudops/pkg/storagedistribution/storagedistribution.go:423.2,423.12 1 0
github.com/libopenstorage/cloudops/pkg/storagedistribution/storagedistribution.go:404.47,409.3 1 0
github.com/libopenstorage/cloudops/pkg/storagedistribution/storagedistribution.go:412.27,414.3 1 0
github.com/libopenstorage/cloudops/pkg/storagedistribution/storagedistribution.go:416.73,422.3 1 0
github.com/libopenstorage/cloudops/pkg/storagedistribution/storagedistribution.go:426.80,429.2 1 0
github.com/libopenstorage/cloudops/pkg/storagedistribution/storagedistribution.go:436.3,437.39 1 0
github.com/libopenstorage/cloudops/pkg/storagedistribution/storagedistribution.go:437.39,449.3 1 0
github.com/libopenstorage/cloudops/pkg/storagedistribution/storagedistribution.go:456.3,463.2 1 0
github.com/libopenstorage/cloudops/pkg/storagedistribution/storagedistribution.go:467.3,472.2 1 0
github.com/libopenstorage/cloudops/vsphere/storagemanager/vsphere.go:17.36,21.2 1 1
github.com/libopenstorage/cloudops/vsphere/storagemanager/vsphere.go:25.50,27.54 2 4
github.com/libopenstorage/cloudops/vsphere/storagemanager/vsphere.go:50.2,50.22 1 4
github.com/libopenstorage/cloudops/vsphere/storagemanager/vsphere.go:27.54,37.17 2 4
github.com/libopenstorage/cloudops/vsphere/storagemanager/vsphere.go:40.3,48.4 1 4
github.com/libopenstorage/cloudops/vsphere/storagemanager/vsphere.go:37.17,39.4 1 0
github.com/libopenstorage/cloudops/vsphere/storagemanager/vsphere.go:54.91,57.2 2 8
github.com/libopenstorage/cloudops/vsphere/storagemanager/vsphere.go:58.13,60.2 1 1
github.com/libopenstorage/cloudops/ibm/ibm.go:55.40,62.16 4 0
github.com/libopenstorage/cloudops/ibm/ibm.go:66.2,67.16 2 0
github.com/libopenstorage/cloudops/ibm/ibm.go:70.2,71.17 2 0
github.com/libopenstorage/cloudops/ibm/ibm.go:83.2,95.8 3 0
github.com/libopenstorage/cloudops/ibm/ibm.go:62.16,64.3 1 0
github.com/libopenstorage/cloudops/ibm/ibm.go:67.16,69.3 1 0
[...]
github.com/libopenstorage/cloudops/oracle/oracle.go:136.16,138.3 1 0
github.com/libopenstorage/cloudops/oracle/oracle.go:142.98,148.16 4 1
github.com/libopenstorage/cloudops/oracle/oracle.go:152.2,152.46 1 1
github.com/libopenstorage/cloudops/oracle/oracle.go:155.2,159.16 4 1
github.com/libopenstorage/cloudops/oracle/oracle.go:166.2,166.38 1 0
github.com/libopenstorage/cloudops/oracle/oracle.go:169.2,169.22 1 0
github.com/libopenstorage/cloudops/oracle/oracle.go:187.2,187.39 1 0
github.com/libopenstorage/cloudops/oracle/oracle.go:148.16,150.3 1 0
github.com/libopenstorage/cloudops/oracle/oracle.go:152.46,154.3 1 1
github.com/libopenstorage/cloudops/oracle/oracle.go:159.16,161.18 2 1
github.com/libopenstorage/cloudops/oracle/oracle.go:164.3,164.47 1 1
github.com/libopenstorage/cloudops/oracle/oracle.go:161.18,163.4 1 0
github.com/libopenstorage/cloudops/oracle/oracle.go:166.38,168.3 1 0
github.com/libopenstorage/cloudops/oracle/oracle.go:169.22,172.17 3 0
github.com/libopenstorage/cloudops/oracle/oracle.go:176.3,176.25 1 0
github.com/libopenstorage/cloudops/oracle/oracle.go:181.3,182.17 2 0
github.com/libopenstorage/cloudops/oracle/oracle.go:172.17,175.4 1 0
github.com/libopenstorage/cloudops/oracle/oracle.go:176.25,179.4 1 0
github.com/libopenstorage/cloudops/oracle/oracle.go:182.17,185.4 1 0
github.com/libopenstorage/cloudops/oracle/oracle.go:191.52,198.16 7 1
github.com/libopenstorage/cloudops/oracle/oracle.go:202.2,202.37 1 0
github.com/libopenstorage/cloudops/oracle/oracle.go:210.2,210.37 1 0
github.com/libopenstorage/cloudops/oracle/oracle.go:214.2,214.22 1 0
github.com/libopenstorage/cloudops/oracle/oracle.go:198.16,200.3 1 1
github.com/libopenstorage/cloudops/oracle/oracle.go:202.37,206.17 3 0
github.com/libopenstorage/cloudops/oracle/oracle.go:206.17,208.4 1 0
github.com/libopenstorage/cloudops/oracle/oracle.go:210.37,213.3 1 0
github.com/libopenstorage/cloudops/oracle/oracle.go:217.54,221.16 4 1
github.com/libopenstorage/cloudops/oracle/oracle.go:224.2,224.34 1 0
github.com/libopenstorage/cloudops/oracle/oracle.go:241.2,244.76 4 0
github.com/libopenstorage/cloudops/oracle/oracle.go:247.2,247.70 1 0
github.com/libopenstorage/cloudops/oracle/oracle.go:250.2,250.94 1 0
github.com/libopenstorage/cloudops/oracle/oracle.go:253.2,253.84 1 0
github.com/libopenstorage/cloudops/oracle/oracle.go:256.2,256.12 1 0
github.com/libopenstorage/cloudops/oracle/oracle.go:221.16,223.3 1 1
github.com/libopenstorage/cloudops/oracle/oracle.go:224.34,225.76 1 0
github.com/libopenstorage/cloudops/oracle/oracle.go:225.76,226.48 1 0
github.com/libopenstorage/cloudops/oracle/oracle.go:226.48,227.72 1 0
github.com/libopenstorage/cloudops/oracle/oracle.go:230.5,230.66 1 0
github.com/libopenstorage/cloudops/oracle/oracle.go:233.5,233.72 1 0
github.com/libopenstorage/cloudops/oracle/oracle.go:227.72,229.6 1 0
github.com/libopenstorage/cloudops/oracle/oracle.go:230.66,232.6 1 0
github.com/libopenstorage/cloudops/oracle/oracle.go:233.72,235.6 1 0
github.com/libopenstorage/cloudops/oracle/oracle.go:237.9,239.4 1 0
github.com/libopenstorage/cloudops/oracle/oracle.go:244.76,246.3 1 0
github.com/libopenstorage/cloudops/oracle/oracle.go:247.70,249.3 1 0
github.com/libopenstorage/cloudops/oracle/oracle.go:250.94,252.3 1 0
github.com/libopenstorage/cloudops/oracle/oracle.go:253.84,255.3 1 0
github.com/libopenstorage/cloudops/oracle/oracle.go:259.35,259.69 1 0
github.com/libopenstorage/cloudops/oracle/oracle.go:261.41,261.62 1 0
github.com/libopenstorage/cloudops/oracle/oracle.go:263.88,269.16 3 0
github.com/libopenstorage/cloudops/oracle/oracle.go:273.2,280.8 1 0
github.com/libopenstorage/cloudops/oracle/oracle.go:269.16,271.3 1 0
github.com/libopenstorage/cloudops/oracle/oracle.go:283.74,290.16 3 0
github.com/libopenstorage/cloudops/oracle/oracle.go:293.2,293.38 1 0
github.com/libopenstorage/cloudops/oracle/oracle.go:300.2,300.39 1 0
github.com/libopenstorage/cloudops/oracle/oracle.go:290.16,292.3 1 0
github.com/libopenstorage/cloudops/oracle/oracle.go:293.38,295.3 1 0
github.com/libopenstorage/cloudops/oracle/oracle.go:303.109,309.16 3 0
github.com/libopenstorage/cloudops/oracle/oracle.go:313.2,314.94 2 0
github.com/libopenstorage/cloudops/oracle/oracle.go:317.2,328.8 2 0
github.com/libopenstorage/cloudops/oracle/oracle.go:309.16,311.3 1 0
github.com/libopenstorage/cloudops/oracle/oracle.go:314.94,316.3 1 0
github.com/libopenstorage/cloudops/oracle/oracle.go:331.53,336.16 3 0
github.com/libopenstorage/cloudops/oracle/oracle.go:339.2,339.27 1 0
github.com/libopenstorage/cloudops/oracle/oracle.go:336.16,338.3 1 0
github.com/libopenstorage/cloudops/oracle/oracle.go:342.65,350.16 5 0
github.com/libopenstorage/cloudops/oracle/oracle.go:353.2,353.48 1 0
github.com/libopenstorage/cloudops/oracle/oracle.go:365.2,365.15 1 0
github.com/libopenstorage/cloudops/oracle/oracle.go:350.16,352.3 1 0
github.com/libopenstorage/cloudops/oracle/oracle.go:353.48,354.76 1 0
github.com/libopenstorage/cloudops/oracle/oracle.go:363.3,363.24 1 0
github.com/libopenstorage/cloudops/oracle/oracle.go:354.76,355.56 1 0
github.com/libopenstorage/cloudops/oracle/oracle.go:355.56,358.5 2 0
github.com/libopenstorage/cloudops/oracle/oracle.go:358.10,360.13 2 0
github.com/libopenstorage/cloudops/oracle/oracle.go:368.65,375.16 3 0
github.com/libopenstorage/cloudops/oracle/oracle.go:379.2,383.101 1 0
github.com/libopenstorage/cloudops/oracle/oracle.go:388.2,390.53 2 0
github.com/libopenstorage/cloudops/oracle/oracle.go:397.2,397.89 1 0
github.com/libopenstorage/cloudops/oracle/oracle.go:403.2,403.41 1 0
github.com/libopenstorage/cloudops/oracle/oracle.go:408.2,408.43 1 0
github.com/libopenstorage/cloudops/oracle/oracle.go:375.16,377.3 1 0
github.com/libopenstorage/cloudops/oracle/oracle.go:383.101,386.3 1 0
github.com/libopenstorage/cloudops/oracle/oracle.go:390.53,395.3 1 0
github.com/libopenstorage/cloudops/oracle/oracle.go:397.89,401.3 1 0
github.com/libopenstorage/cloudops/oracle/oracle.go:403.41,406.3 1 0
github.com/libopenstorage/cloudops/oracle/oracle.go:412.100,414.34 2 0
github.com/libopenstorage/cloudops/oracle/oracle.go:424.2,424.24 1 0
github.com/libopenstorage/cloudops/oracle/oracle.go:414.34,419.17 3 0
github.com/libopenstorage/cloudops/oracle/oracle.go:422.3,422.54 1 0
github.com/libopenstorage/cloudops/oracle/oracle.go:419.17,421.4 1 0
github.com/libopenstorage/cloudops/oracle/oracle.go:428.124,430.9 2 0
github.com/libopenstorage/cloudops/oracle/oracle.go:435.2,447.16 3 0
github.com/libopenstorage/cloudops/oracle/oracle.go:455.2,456.16 2 0
github.com/libopenstorage/cloudops/oracle/oracle.go:459.2,459.23 1 0
github.com/libopenstorage/cloudops/oracle/oracle.go:430.9,433.3 1 0
github.com/libopenstorage/cloudops/oracle/oracle.go:447.16,448.60 1 0
github.com/libopenstorage/cloudops/oracle/oracle.go:452.3,452.18 1 0
github.com/libopenstorage/cloudops/oracle/oracle.go:448.60,451.4 1 0
github.com/libopenstorage/cloudops/oracle/oracle.go:456.16,458.3 1 0
github.com/libopenstorage/cloudops/oracle/oracle.go:462.118,466.41 2 0
github.com/libopenstorage/cloudops/oracle/oracle.go:478.2,479.23 2 0
github.com/libopenstorage/cloudops/oracle/oracle.go:466.41,468.17 2 0
github.com/libopenstorage/cloudops/oracle/oracle.go:471.3,471.56 1 0
github.com/libopenstorage/cloudops/oracle/oracle.go:475.3,476.110 2 0
github.com/libopenstorage/cloudops/oracle/oracle.go:468.17,470.4 1 0
github.com/libopenstorage/cloudops/oracle/oracle.go:471.56,473.4 1 0
github.com/libopenstorage/cloudops/oracle/oracle.go:482.70,485.16 3 0
github.com/libopenstorage/cloudops/oracle/oracle.go:488.2,488.18 1 0
github.com/libopenstorage/cloudops/oracle/oracle.go:485.16,487.3 1 0
github.com/libopenstorage/cloudops/oracle/oracle.go:492.78,497.16 3 0
github.com/libopenstorage/cloudops/oracle/oracle.go:501.2,501.12 1 0
github.com/libopenstorage/cloudops/oracle/oracle.go:497.16,500.3 2 0
github.com/libopenstorage/cloudops/oracle/oracle.go:504.108,506.30 1 0
github.com/libopenstorage/cloudops/oracle/oracle.go:510.2,515.16 4 0
github.com/libopenstorage/cloudops/oracle/oracle.go:519.2,519.31 1 0
github.com/libopenstorage/cloudops/oracle/oracle.go:522.2,529.89 5 0
github.com/libopenstorage/cloudops/oracle/oracle.go:535.2,546.16 3 0
github.com/libopenstorage/cloudops/oracle/oracle.go:550.2,551.16 2 0
github.com/libopenstorage/cloudops/oracle/oracle.go:555.2,555.12 1 0
github.com/libopenstorage/cloudops/oracle/oracle.go:506.30,508.3 1 0
github.com/libopenstorage/cloudops/oracle/oracle.go:515.16,517.3 1 0
github.com/libopenstorage/cloudops/oracle/oracle.go:519.31,521.3 1 0
github.com/libopenstorage/cloudops/oracle/oracle.go:529.89,532.3 2 0
github.com/libopenstorage/cloudops/oracle/oracle.go:546.16,548.3 1 0
github.com/libopenstorage/cloudops/oracle/oracle.go:551.16,553.3 1 0
github.com/libopenstorage/cloudops/oracle/oracle.go:558.120,562.41 2 0
github.com/libopenstorage/cloudops/oracle/oracle.go:575.2,576.12 2 0
github.com/libopenstorage/cloudops/oracle/oracle.go:562.41,564.17 2 0
github.com/libopenstorage/cloudops/oracle/oracle.go:568.3,568.68 1 0
github.com/libopenstorage/cloudops/oracle/oracle.go:572.3,573.80 2 0
github.com/libopenstorage/cloudops/oracle/oracle.go:564.17,566.4 1 0
github.com/libopenstorage/cloudops/oracle/oracle.go:568.68,570.4 1 0
github.com/libopenstorage/cloudops/oracle/oracle.go:579.81,585.16 4 0
github.com/libopenstorage/cloudops/oracle/oracle.go:589.2,589.31 1 0
github.com/libopenstorage/cloudops/oracle/oracle.go:593.2,597.16 3 0
github.com/libopenstorage/cloudops/oracle/oracle.go:601.2,601.34 1 0
github.com/libopenstorage/cloudops/oracle/oracle.go:606.2,606.19 1 0
github.com/libopenstorage/cloudops/oracle/oracle.go:585.16,587.3 1 0
github.com/libopenstorage/cloudops/oracle/oracle.go:589.31,591.3 1 0
github.com/libopenstorage/cloudops/oracle/oracle.go:597.16,599.3 1 0
github.com/libopenstorage/cloudops/oracle/oracle.go:601.34,602.70 1 0
github.com/libopenstorage/cloudops/oracle/oracle.go:602.70,604.4 1 0
github.com/libopenstorage/cloudops/oracle/oracle.go:611.88,616.16 4 0
github.com/libopenstorage/cloudops/oracle/oracle.go:620.2,620.33 1 0
github.com/libopenstorage/cloudops/oracle/oracle.go:660.2,660.91 1 0
github.com/libopenstorage/cloudops/oracle/oracle.go:616.16,618.3 1 0
github.com/libopenstorage/cloudops/oracle/oracle.go:620.33,632.17 3 0
github.com/libopenstorage/cloudops/oracle/oracle.go:640.3,641.87 2 0
github.com/libopenstorage/cloudops/oracle/oracle.go:657.3,658.25 2 0
github.com/libopenstorage/cloudops/oracle/oracle.go:632.17,633.58 1 0
github.com/libopenstorage/cloudops/oracle/oracle.go:637.4,637.18 1 0
github.com/libopenstorage/cloudops/oracle/oracle.go:633.58,635.13 2 0
github.com/libopenstorage/cloudops/oracle/oracle.go:641.87,646.18 2 0
github.com/libopenstorage/cloudops/oracle/oracle.go:646.18,648.19 2 0
github.com/libopenstorage/cloudops/oracle/oracle.go:651.5,652.27 2 0
github.com/libopenstorage/cloudops/oracle/oracle.go:648.19,650.6 1 0
github.com/libopenstorage/cloudops/oracle/oracle.go:654.9,656.4 1 0
github.com/libopenstorage/cloudops/oracle/oracle.go:663.147,667.41 2 0
github.com/libopenstorage/cloudops/oracle/oracle.go:679.2,680.16 2 0
github.com/libopenstorage/cloudops/oracle/oracle.go:683.2,684.9 2 0
github.com/libopenstorage/cloudops/oracle/oracle.go:687.2,687.25 1 0
github.com/libopenstorage/cloudops/oracle/oracle.go:667.41,669.17 2 0
github.com/libopenstorage/cloudops/oracle/oracle.go:672.3,672.64 1 0
github.com/libopenstorage/cloudops/oracle/oracle.go:676.3,677.148 2 0
github.com/libopenstorage/cloudops/oracle/oracle.go:669.17,671.4 1 0
github.com/libopenstorage/cloudops/oracle/oracle.go:672.64,674.4 1 0
github.com/libopenstorage/cloudops/oracle/oracle.go:680.16,682.3 1 0
github.com/libopenstorage/cloudops/oracle/oracle.go:684.9,686.3 1 0
github.com/libopenstorage/cloudops/oracle/oracle.go:691.78,693.2 1 0
github.com/libopenstorage/cloudops/oracle/oracle.go:696.67,698.2 1 0
github.com/libopenstorage/cloudops/oracle/oracle.go:700.71,702.9 2 0
github.com/libopenstorage/cloudops/oracle/oracle.go:722.2,726.16 3 0
github.com/libopenstorage/cloudops/oracle/oracle.go:731.2,735.16 2 0
github.com/libopenstorage/cloudops/oracle/oracle.go:740.2,740.12 1 0
github.com/libopenstorage/cloudops/oracle/oracle.go:702.9,711.17 4 0
github.com/libopenstorage/cloudops/oracle/oracle.go:716.3,716.43 1 0
github.com/libopenstorage/cloudops/oracle/oracle.go:711.17,715.4 2 0
github.com/libopenstorage/cloudops/oracle/oracle.go:716.43,718.4 1 0
github.com/libopenstorage/cloudops/oracle/oracle.go:718.9,720.4 1 0
github.com/libopenstorage/cloudops/oracle/oracle.go:726.16,730.3 2 0
github.com/libopenstorage/cloudops/oracle/oracle.go:735.16,739.3 3 0
github.com/libopenstorage/cloudops/oracle/oracle.go:748.43,755.16 4 0
github.com/libopenstorage/cloudops/oracle/oracle.go:758.2,758.42 1 0
github.com/libopenstorage/cloudops/oracle/oracle.go:761.2,761.25 1 0
github.com/libopenstorage/cloudops/oracle/oracle.go:755.16,757.3 1 0
github.com/libopenstorage/cloudops/oracle/oracle.go:758.42,760.3 1 0
github.com/libopenstorage/cloudops/oracle/oracle.go:764.66,765.37 1 0
github.com/libopenstorage/cloudops/oracle/oracle.go:768.2,768.69 1 0
github.com/libopenstorage/cloudops/oracle/oracle.go:765.37,767.3 1 0
github.com/libopenstorage/cloudops/oracle/oracle.go:772.97,776.16 2 0
github.com/libopenstorage/cloudops/oracle/oracle.go:780.2,782.26 2 0
github.com/libopenstorage/cloudops/oracle/oracle.go:801.2,801.23 1 0
github.com/libopenstorage/cloudops/oracle/oracle.go:805.2,812.16 3 0
github.com/libopenstorage/cloudops/oracle/oracle.go:816.2,817.16 2 0
github.com/libopenstorage/cloudops/oracle/oracle.go:821.2,821.12 1 0
github.com/libopenstorage/cloudops/oracle/oracle.go:776.16,778.3 1 0
github.com/libopenstorage/cloudops/oracle/oracle.go:783.9,784.43 1 0
github.com/libopenstorage/cloudops/oracle/oracle.go:785.9,786.33 1 0
github.com/libopenstorage/cloudops/oracle/oracle.go:787.10,788.36 1 0
github.com/libopenstorage/cloudops/oracle/oracle.go:788.36,790.18 2 0
github.com/libopenstorage/cloudops/oracle/oracle.go:793.4,793.66 1 0
github.com/libopenstorage/cloudops/oracle/oracle.go:790.18,792.5 1 0
github.com/libopenstorage/cloudops/oracle/oracle.go:793.66,796.10 3 0
github.com/libopenstorage/cloudops/oracle/oracle.go:801.23,803.3 1 0
github.com/libopenstorage/cloudops/oracle/oracle.go:812.16,814.3 1 0
github.com/libopenstorage/cloudops/oracle/oracle.go:817.16,819.3 1 0
github.com/libopenstorage/cloudops/oracle/oracle.go:824.68,825.22 1 0
github.com/libopenstorage/cloudops/oracle/oracle.go:830.2,830.14 1 0
github.com/libopenstorage/cloudops/oracle/oracle.go:825.22,826.17 1 0
github.com/libopenstorage/cloudops/oracle/oracle.go:826.17,828.4 1 0
github.com/libopenstorage/cloudops/oracle/oracle.go:833.80,837.2 1 0
github.com/libopenstorage/cloudops/oracle/oracle.go:839.109,843.16 3 0
github.com/libopenstorage/cloudops/oracle/oracle.go:847.2,849.67 2 0
github.com/libopenstorage/cloudops/oracle/oracle.go:853.2,861.16 3 0
github.com/libopenstorage/cloudops/oracle/oracle.go:865.2,866.16 2 0
github.com/libopenstorage/cloudops/oracle/oracle.go:869.2,870.9 2 0
github.com/libopenstorage/cloudops/oracle/oracle.go:874.2,874.43 1 0
github.com/libopenstorage/cloudops/oracle/oracle.go:843.16,845.3 1 0
github.com/libopenstorage/cloudops/oracle/oracle.go:849.67,851.3 1 0
github.com/libopenstorage/cloudops/oracle/oracle.go:861.16,863.3 1 0
github.com/libopenstorage/cloudops/oracle/oracle.go:866.16,868.3 1 0
github.com/libopenstorage/cloudops/oracle/oracle.go:870.9,872.3 1 0
github.com/libopenstorage/cloudops/oracle/oracle.go:877.84,887.16 4 0
github.com/libopenstorage/cloudops/oracle/oracle.go:891.2,891.91 1 0
github.com/libopenstorage/cloudops/oracle/oracle.go:887.16,889.3 1 0
github.com/libopenstorage/cloudops/oracle/oracle.go:894.116,900.16 5 0
github.com/libopenstorage/cloudops/oracle/oracle.go:904.2,904.31 1 0
github.com/libopenstorage/cloudops/oracle/oracle.go:907.2,917.16 3 0
github.com/libopenstorage/cloudops/oracle/oracle.go:921.2,922.16 2 0
github.com/libopenstorage/cloudops/oracle/oracle.go:932.2,933.16 2 0
github.com/libopenstorage/cloudops/oracle/oracle.go:937.2,937.103 1 0
github.com/libopenstorage/cloudops/oracle/oracle.go:900.16,902.3 1 0
github.com/libopenstorage/cloudops/oracle/oracle.go:904.31,906.3 1 0
github.com/libopenstorage/cloudops/oracle/oracle.go:917.16,919.3 1 0
github.com/libopenstorage/cloudops/oracle/oracle.go:922.16,924.3 1 0
github.com/libopenstorage/cloudops/oracle/oracle.go:933.16,935.3 1 0
github.com/libopenstorage/cloudops/oracle/oracle.go:941.122,947.16 3 0
github.com/libopenstorage/cloudops/oracle/oracle.go:951.2,957.89 4 0
github.com/libopenstorage/cloudops/oracle/oracle.go:962.2,962.78 1 0
github.com/libopenstorage/cloudops/oracle/oracle.go:967.2,977.16 3 0
github.com/libopenstorage/cloudops/oracle/oracle.go:981.2,981.24 1 0
github.com/libopenstorage/cloudops/oracle/oracle.go:947.16,949.3 1 0
github.com/libopenstorage/cloudops/oracle/oracle.go:957.89,960.3 2 0
github.com/libopenstorage/cloudops/oracle/oracle.go:962.78,964.3 1 0
github.com/libopenstorage/cloudops/oracle/oracle.go:977.16,979.3 1 0
github.com/libopenstorage/cloudops/oracle/oracle.go:990.37,996.16 4 0
github.com/libopenstorage/cloudops/oracle/oracle.go:999.2,1000.35 2 0
github.com/libopenstorage/cloudops/oracle/oracle.go:1003.2,1003.33 1 0
github.com/libopenstorage/cloudops/oracle/oracle.go:1033.2,1033.18 1 0
github.com/libopenstorage/cloudops/oracle/oracle.go:996.16,998.3 1 0
github.com/libopenstorage/cloudops/oracle/oracle.go:1000.35,1002.3 1 0
github.com/libopenstorage/cloudops/oracle/oracle.go:1003.33,1005.10 2 0
github.com/libopenstorage/cloudops/oracle/oracle.go:1009.3,1009.21 1 0
github.com/libopenstorage/cloudops/oracle/oracle.go:1014.3,1014.62 1 0
github.com/libopenstorage/cloudops/oracle/oracle.go:1017.3,1017.30 1 0
github.com/libopenstorage/cloudops/oracle/oracle.go:1005.10,1006.12 1 0
github.com/libopenstorage/cloudops/oracle/oracle.go:1009.21,1010.12 1 0
github.com/libopenstorage/cloudops/oracle/oracle.go:1014.62,1015.12 1 0
github.com/libopenstorage/cloudops/oracle/oracle.go:1017.30,1019.4 1 0
github.com/libopenstorage/cloudops/oracle/oracle.go:1019.9,1021.51 2 0
github.com/libopenstorage/cloudops/oracle/oracle.go:1028.4,1028.14 1 0
github.com/libopenstorage/cloudops/oracle/oracle.go:1021.51,1022.32 1 0
github.com/libopenstorage/cloudops/oracle/oracle.go:1022.32,1025.11 3 0
github.com/libopenstorage/cloudops/oracle/oracle.go:1028.14,1030.5 1 0
github.com/libopenstorage/cloudops/oracle/oracle.go:1036.76,1037.27 1 0
github.com/libopenstorage/cloudops/oracle/oracle.go:1046.2,1046.13 1 0
github.com/libopenstorage/cloudops/oracle/oracle.go:1037.27,1039.10 2 0
github.com/libopenstorage/cloudops/oracle/oracle.go:1042.3,1042.17 1 0
github.com/libopenstorage/cloudops/oracle/oracle.go:1039.10,1041.4 1 0
github.com/libopenstorage/cloudops/oracle/oracle.go:1042.17,1044.4 1 0
github.com/libopenstorage/cloudops/oracle/oracle.go:1049.49,1052.2 1 0
github.com/libopenstorage/cloudops/oracle/oracle.go:1055.107,1063.16 3 0
github.com/libopenstorage/cloudops/oracle/oracle.go:1066.2,1066.12 1 0
github.com/libopenstorage/cloudops/oracle/oracle.go:1063.16,1065.3 1 0
github.com/libopenstorage/cloudops/oracle/oracle.go:1070.70,1072.16 2 0
github.com/libopenstorage/cloudops/oracle/oracle.go:1075.2,1075.20 1 0
github.com/libopenstorage/cloudops/oracle/oracle.go:1079.2,1080.9 2 0
github.com/libopenstorage/cloudops/oracle/oracle.go:1083.2,1083.36 1 0
github.com/libopenstorage/cloudops/oracle/oracle.go:1072.16,1074.3 1 0
github.com/libopenstorage/cloudops/oracle/oracle.go:1075.20,1078.3 1 0
github.com/libopenstorage/cloudops/oracle/oracle.go:1080.9,1082.3 1 0
github.com/libopenstorage/cloudops/oracle/oracle.go:1087.108,1089.16 2 0
github.com/libopenstorage/cloudops/oracle/oracle.go:1092.2,1092.26 1 0
github.com/libopenstorage/cloudops/oracle/oracle.go:1095.2,1095.52 1 0
github.com/libopenstorage/cloudops/oracle/oracle.go:1089.16,1091.3 1 0
github.com/libopenstorage/cloudops/oracle/oracle.go:1092.26,1094.3 1 0
